mode: atomic
github.com/cmd-stream/cmd-stream-go/core/errs.go:8.34,10.2 1 0
github.com/cmd-stream/cmd-stream-go/core/proxy.go:51.67,53.2 1 0
github.com/cmd-stream/cmd-stream-go/core/proxy.go:55.69,59.2 3 0
github.com/cmd-stream/cmd-stream-go/core/proxy.go:61.42,63.2 1 0
github.com/cmd-stream/cmd-stream-go/core/proxy.go:65.55,67.2 1 0
github.com/cmd-stream/cmd-stream-go/cmdstream.go:27.39,36.16 5 0
github.com/cmd-stream/cmd-stream-go/cmdstream.go:36.16,39.3 2 0
github.com/cmd-stream/cmd-stream-go/cmdstream.go:40.2,40.24 1 0
github.com/cmd-stream/cmd-stream-go/cmdstream.go:40.24,42.3 1 0
github.com/cmd-stream/cmd-stream-go/cmdstream.go:43.2,44.8 2 0
github.com/cmd-stream/cmd-stream-go/cmdstream.go:52.39,61.16 5 0
github.com/cmd-stream/cmd-stream-go/cmdstream.go:61.16,64.3 2 0
github.com/cmd-stream/cmd-stream-go/cmdstream.go:65.2,65.24 1 0
github.com/cmd-stream/cmd-stream-go/cmdstream.go:65.24,67.3 1 0
github.com/cmd-stream/cmd-stream-go/cmdstream.go:68.2,69.8 2 0
github.com/cmd-stream/cmd-stream-go/cmdstream.go:77.36,79.2 1 0
github.com/cmd-stream/cmd-stream-go/cmdstream.go:86.36,95.16 5 0
github.com/cmd-stream/cmd-stream-go/cmdstream.go:95.16,98.3 2 0
github.com/cmd-stream/cmd-stream-go/cmdstream.go:99.2,99.38 1 0
github.com/cmd-stream/cmd-stream-go/cmdstream.go:107.35,108.23 1 0
github.com/cmd-stream/cmd-stream-go/cmdstream.go:108.23,111.3 2 0
github.com/cmd-stream/cmd-stream-go/cmdstream.go:112.2,113.46 2 0
github.com/cmd-stream/cmd-stream-go/cmdstream.go:113.46,115.3 1 0
github.com/cmd-stream/cmd-stream-go/cmdstream.go:117.2,118.17 2 0
github.com/cmd-stream/cmd-stream-go/cmdstream.go:118.17,121.3 1 0
github.com/cmd-stream/cmd-stream-go/cmdstream.go:121.8,123.3 1 0
github.com/cmd-stream/cmd-stream-go/cmdstream.go:124.2,124.16 1 0
github.com/cmd-stream/cmd-stream-go/cmdstream.go:124.16,125.34 1 0
github.com/cmd-stream/cmd-stream-go/cmdstream.go:125.34,127.4 1 0
github.com/cmd-stream/cmd-stream-go/cmdstream.go:128.3,129.9 2 0
github.com/cmd-stream/cmd-stream-go/cmdstream.go:131.2,133.8 3 0
github.com/cmd-stream/cmd-stream-go/cmdstream.go:141.38,144.51 3 0
github.com/cmd-stream/cmd-stream-go/cmdstream.go:144.51,146.3 1 0
github.com/cmd-stream/cmd-stream-go/cmdstream.go:147.2,147.24 1 0
github.com/cmd-stream/cmd-stream-go/cmdstream.go:147.24,148.42 1 0
github.com/cmd-stream/cmd-stream-go/cmdstream.go:148.42,150.4 1 0
github.com/cmd-stream/cmd-stream-go/cmdstream.go:151.8,152.42 1 0
github.com/cmd-stream/cmd-stream-go/cmdstream.go:152.42,154.4 1 0
github.com/cmd-stream/cmd-stream-go/cmdstream.go:156.2,157.16 2 0
github.com/cmd-stream/cmd-stream-go/cmdstream.go:157.16,159.3 1 0
github.com/cmd-stream/cmd-stream-go/cmdstream.go:160.2,161.8 2 0
github.com/cmd-stream/cmd-stream-go/cmdstream.go:166.40,169.18 3 0
github.com/cmd-stream/cmd-stream-go/cmdstream.go:169.18,171.17 2 0
github.com/cmd-stream/cmd-stream-go/cmdstream.go:171.17,173.4 1 0
github.com/cmd-stream/cmd-stream-go/cmdstream.go:174.3,176.17 3 0
github.com/cmd-stream/cmd-stream-go/cmdstream.go:176.17,178.4 1 0
github.com/cmd-stream/cmd-stream-go/cmdstream.go:179.3,179.31 1 0
github.com/cmd-stream/cmd-stream-go/cmdstream.go:181.2,181.8 1 0
github.com/cmd-stream/cmd-stream-go/cmdstream.go:186.35,188.18 2 0
github.com/cmd-stream/cmd-stream-go/cmdstream.go:188.18,191.17 3 0
github.com/cmd-stream/cmd-stream-go/cmdstream.go:191.17,193.4 1 0
github.com/cmd-stream/cmd-stream-go/cmdstream.go:194.3,194.21 1 0
github.com/cmd-stream/cmd-stream-go/cmdstream.go:196.2,196.8 1 0
github.com/cmd-stream/cmd-stream-go/delegate/ping-pong.go:14.80,17.2 2 0
github.com/cmd-stream/cmd-stream-go/delegate/ping-pong.go:23.36,25.2 1 0
github.com/cmd-stream/cmd-stream-go/delegate/server_info.go:24.49,28.23 1 0
github.com/cmd-stream/cmd-stream-go/delegate/server_info.go:28.23,29.40 1 0
github.com/cmd-stream/cmd-stream-go/delegate/server_info.go:29.40,31.7 1 0
github.com/cmd-stream/cmd-stream-go/delegate/server_info.go:32.6,32.16 1 0
github.com/cmd-stream/cmd-stream-go/delegate/server_info.go:46.3,48.2 1 0
github.com/cmd-stream/cmd-stream-go/delegate/server_info.go:53.3,55.2 1 0
github.com/cmd-stream/cmd-stream-go/delegate/server_info.go:58.62,60.2 1 0
github.com/cmd-stream/cmd-stream-go/delegate/server_info.go:63.67,65.2 1 0
github.com/cmd-stream/cmd-stream-go/cmdstream.go:27.39,36.16 5 0
github.com/cmd-stream/cmd-stream-go/cmdstream.go:36.16,39.3 2 0
github.com/cmd-stream/cmd-stream-go/cmdstream.go:40.2,40.24 1 0
github.com/cmd-stream/cmd-stream-go/cmdstream.go:40.24,42.3 1 0
github.com/cmd-stream/cmd-stream-go/cmdstream.go:43.2,44.8 2 0
github.com/cmd-stream/cmd-stream-go/cmdstream.go:52.39,61.16 5 0
github.com/cmd-stream/cmd-stream-go/cmdstream.go:61.16,64.3 2 0
github.com/cmd-stream/cmd-stream-go/cmdstream.go:65.2,65.24 1 0
github.com/cmd-stream/cmd-stream-go/cmdstream.go:65.24,67.3 1 0
github.com/cmd-stream/cmd-stream-go/cmdstream.go:68.2,69.8 2 0
github.com/cmd-stream/cmd-stream-go/cmdstream.go:77.36,79.2 1 0
github.com/cmd-stream/cmd-stream-go/cmdstream.go:86.36,95.16 5 0
github.com/cmd-stream/cmd-stream-go/cmdstream.go:95.16,98.3 2 0
github.com/cmd-stream/cmd-stream-go/cmdstream.go:99.2,99.38 1 0
github.com/cmd-stream/cmd-stream-go/cmdstream.go:107.35,108.23 1 0
github.com/cmd-stream/cmd-stream-go/cmdstream.go:108.23,111.3 2 0
github.com/cmd-stream/cmd-stream-go/cmdstream.go:112.2,113.46 2 0
github.com/cmd-stream/cmd-stream-go/cmdstream.go:113.46,115.3 1 0
github.com/cmd-stream/cmd-stream-go/cmdstream.go:117.2,118.17 2 0
github.com/cmd-stream/cmd-stream-go/cmdstream.go:118.17,121.3 1 0
github.com/cmd-stream/cmd-stream-go/cmdstream.go:121.8,123.3 1 0
github.com/cmd-stream/cmd-stream-go/cmdstream.go:124.2,124.16 1 0
github.com/cmd-stream/cmd-stream-go/cmdstream.go:124.16,125.34 1 0
github.com/cmd-stream/cmd-stream-go/cmdstream.go:125.34,127.4 1 0
github.com/cmd-stream/cmd-stream-go/cmdstream.go:128.3,129.9 2 0
github.com/cmd-stream/cmd-stream-go/cmdstream.go:131.2,133.8 3 0
github.com/cmd-stream/cmd-stream-go/cmdstream.go:141.38,144.51 3 0
github.com/cmd-stream/cmd-stream-go/cmdstream.go:144.51,146.3 1 0
github.com/cmd-stream/cmd-stream-go/cmdstream.go:147.2,147.24 1 0
github.com/cmd-stream/cmd-stream-go/cmdstream.go:147.24,148.42 1 0
github.com/cmd-stream/cmd-stream-go/cmdstream.go:148.42,150.4 1 0
github.com/cmd-stream/cmd-stream-go/cmdstream.go:151.8,152.42 1 0
github.com/cmd-stream/cmd-stream-go/cmdstream.go:152.42,154.4 1 0
github.com/cmd-stream/cmd-stream-go/cmdstream.go:156.2,157.16 2 0
github.com/cmd-stream/cmd-stream-go/cmdstream.go:157.16,159.3 1 0
github.com/cmd-stream/cmd-stream-go/cmdstream.go:160.2,161.8 2 0
github.com/cmd-stream/cmd-stream-go/cmdstream.go:166.40,169.18 3 0
github.com/cmd-stream/cmd-stream-go/cmdstream.go:169.18,171.17 2 0
github.com/cmd-stream/cmd-stream-go/cmdstream.go:171.17,173.4 1 0
github.com/cmd-stream/cmd-stream-go/cmdstream.go:174.3,176.17 3 0
github.com/cmd-stream/cmd-stream-go/cmdstream.go:176.17,178.4 1 0
github.com/cmd-stream/cmd-stream-go/cmdstream.go:179.3,179.31 1 0
github.com/cmd-stream/cmd-stream-go/cmdstream.go:181.2,181.8 1 0
github.com/cmd-stream/cmd-stream-go/cmdstream.go:186.35,188.18 2 0
github.com/cmd-stream/cmd-stream-go/cmdstream.go:188.18,191.17 3 0
github.com/cmd-stream/cmd-stream-go/cmdstream.go:191.17,193.4 1 0
github.com/cmd-stream/cmd-stream-go/cmdstream.go:194.3,194.21 1 0
github.com/cmd-stream/cmd-stream-go/cmdstream.go:196.2,196.8 1 0
github.com/cmd-stream/cmd-stream-go/client/codec.go:18.88,19.24 1 0
github.com/cmd-stream/cmd-stream-go/client/codec.go:19.24,21.3 1 0
github.com/cmd-stream/cmd-stream-go/client/codec.go:22.2,22.31 1 0
github.com/cmd-stream/cmd-stream-go/client/codec.go:31.22,32.54 1 0
github.com/cmd-stream/cmd-stream-go/client/codec.go:32.54,34.3 1 0
github.com/cmd-stream/cmd-stream-go/client/codec.go:35.2,38.8 4 0
github.com/cmd-stream/cmd-stream-go/client/codec.go:43.3,44.56 1 0
github.com/cmd-stream/cmd-stream-go/client/codec.go:44.56,46.3 1 0
github.com/cmd-stream/cmd-stream-go/client/codec.go:47.2,50.8 4 0
github.com/cmd-stream/cmd-stream-go/client/conn_factory.go:14.48,16.2 1 0
github.com/cmd-stream/cmd-stream-go/client/keepalive_codec.go:15.22,16.54 1 0
github.com/cmd-stream/cmd-stream-go/client/keepalive_codec.go:16.54,18.3 1 0
github.com/cmd-stream/cmd-stream-go/client/keepalive_codec.go:19.2,19.14 1 0
github.com/cmd-stream/cmd-stream-go/client/keepalive_codec.go:19.14,21.3 1 0
github.com/cmd-stream/cmd-stream-go/client/keepalive_codec.go:22.2,25.8 4 0
github.com/cmd-stream/cmd-stream-go/client/keepalive_codec.go:30.3,31.56 1 0
github.com/cmd-stream/cmd-stream-go/client/keepalive_codec.go:31.56,33.3 1 0
github.com/cmd-stream/cmd-stream-go/client/keepalive_codec.go:34.2,34.14 1 0
github.com/cmd-stream/cmd-stream-go/client/keepalive_codec.go:34.14,37.3 2 0
github.com/cmd-stream/cmd-stream-go/client/keepalive_codec.go:38.2,41.8 4 0
github.com/cmd-stream/cmd-stream-go/client/options.go:24.31,28.2 1 1
github.com/cmd-stream/cmd-stream-go/client/options.go:37.53,38.26 1 2
github.com/cmd-stream/cmd-stream-go/client/options.go:38.26,38.43 1 2
github.com/cmd-stream/cmd-stream-go/client/options.go:42.48,43.26 1 1
github.com/cmd-stream/cmd-stream-go/client/options.go:43.26,43.42 1 1
github.com/cmd-stream/cmd-stream-go/client/options.go:49.53,50.26 1 1
github.com/cmd-stream/cmd-stream-go/client/options.go:50.26,50.47 1 1
github.com/cmd-stream/cmd-stream-go/client/options.go:56.52,57.26 1 1
github.com/cmd-stream/cmd-stream-go/client/options.go:57.26,57.46 1 1
github.com/cmd-stream/cmd-stream-go/client/options.go:64.62,65.26 1 1
github.com/cmd-stream/cmd-stream-go/client/options.go:65.26,65.47 1 1
github.com/cmd-stream/cmd-stream-go/client/options.go:69.43,70.27 1 1
github.com/cmd-stream/cmd-stream-go/client/options.go:70.27,71.17 1 2
github.com/cmd-stream/cmd-stream-go/client/options.go:71.17,73.4 1 1
github.com/cmd-stream/cmd-stream-go/client/transport_factory.go:23.24,29.2 1 0
github.com/cmd-stream/cmd-stream-go/client/transport_factory.go:36.3,38.16 2 0
github.com/cmd-stream/cmd-stream-go/client/transport_factory.go:38.16,40.3 1 0
github.com/cmd-stream/cmd-stream-go/client/transport_factory.go:41.2,42.8 2 0
github.com/cmd-stream/cmd-stream-go/core/errs.go:8.34,10.2 1 0
github.com/cmd-stream/cmd-stream-go/core/proxy.go:51.67,53.2 1 0
github.com/cmd-stream/cmd-stream-go/core/proxy.go:55.69,59.2 3 0
github.com/cmd-stream/cmd-stream-go/core/proxy.go:61.42,63.2 1 0
github.com/cmd-stream/cmd-stream-go/core/proxy.go:65.55,67.2 1 0
github.com/cmd-stream/cmd-stream-go/core/cln/client.go:59.80,78.15 5 0
github.com/cmd-stream/cmd-stream-go/core/cln/client.go:78.15,79.15 1 0
github.com/cmd-stream/cmd-stream-go/core/cln/client.go:79.15,81.4 1 0
github.com/cmd-stream/cmd-stream-go/core/cln/client.go:83.2,83.71 1 0
github.com/cmd-stream/cmd-stream-go/core/cln/client.go:83.71,85.3 1 0
github.com/cmd-stream/cmd-stream-go/core/cln/client.go:86.2,88.15 3 0
github.com/cmd-stream/cmd-stream-go/core/cln/client.go:106.3,107.22 1 0
github.com/cmd-stream/cmd-stream-go/core/cln/client.go:107.22,110.3 2 0
github.com/cmd-stream/cmd-stream-go/core/cln/client.go:111.2,118.16 7 0
github.com/cmd-stream/cmd-stream-go/core/cln/client.go:118.16,123.3 4 0
github.com/cmd-stream/cmd-stream-go/core/cln/client.go:124.2,126.42 2 0
github.com/cmd-stream/cmd-stream-go/core/cln/client.go:126.42,128.3 1 0
github.com/cmd-stream/cmd-stream-go/core/cln/client.go:129.2,129.8 1 0
github.com/cmd-stream/cmd-stream-go/core/cln/client.go:133.40,136.2 2 0
github.com/cmd-stream/cmd-stream-go/core/cln/client.go:146.36,147.22 1 0
github.com/cmd-stream/cmd-stream-go/core/cln/client.go:147.22,150.3 2 0
github.com/cmd-stream/cmd-stream-go/core/cln/client.go:152.2,159.16 7 0
github.com/cmd-stream/cmd-stream-go/core/cln/client.go:159.16,164.3 4 0
github.com/cmd-stream/cmd-stream-go/core/cln/client.go:166.2,167.16 2 0
github.com/cmd-stream/cmd-stream-go/core/cln/client.go:167.16,172.3 4 0
github.com/cmd-stream/cmd-stream-go/core/cln/client.go:173.2,175.42 2 0
github.com/cmd-stream/cmd-stream-go/core/cln/client.go:175.42,177.3 1 0
github.com/cmd-stream/cmd-stream-go/core/cln/client.go:178.2,178.8 1 0
github.com/cmd-stream/cmd-stream-go/core/cln/client.go:183.44,186.2 2 0
github.com/cmd-stream/cmd-stream-go/core/cln/client.go:193.42,195.2 1 0
github.com/cmd-stream/cmd-stream-go/core/cln/client.go:198.44,200.2 1 0
github.com/cmd-stream/cmd-stream-go/core/cln/client.go:203.41,205.2 1 0
github.com/cmd-stream/cmd-stream-go/core/cln/client.go:211.41,212.26 1 0
github.com/cmd-stream/cmd-stream-go/core/cln/client.go:212.26,214.3 1 0
github.com/cmd-stream/cmd-stream-go/core/cln/client.go:215.2,217.16 3 0
github.com/cmd-stream/cmd-stream-go/core/cln/client.go:217.16,219.3 1 0
github.com/cmd-stream/cmd-stream-go/core/cln/client.go:220.2,220.8 1 0
github.com/cmd-stream/cmd-stream-go/core/cln/client.go:223.62,224.15 1 0
github.com/cmd-stream/cmd-stream-go/core/cln/client.go:224.15,226.3 1 0
github.com/cmd-stream/cmd-stream-go/core/cln/client.go:227.2,234.6 2 0
github.com/cmd-stream/cmd-stream-go/core/cln/client.go:234.6,236.17 2 0
github.com/cmd-stream/cmd-stream-go/core/cln/client.go:236.17,238.4 1 0
github.com/cmd-stream/cmd-stream-go/core/cln/client.go:239.3,239.23 1 0
github.com/cmd-stream/cmd-stream-go/core/cln/client.go:239.23,241.4 1 0
github.com/cmd-stream/cmd-stream-go/core/cln/client.go:241.9,243.4 1 0
github.com/cmd-stream/cmd-stream-go/core/cln/client.go:244.3,244.11 1 0
github.com/cmd-stream/cmd-stream-go/core/cln/client.go:244.11,245.49 1 0
github.com/cmd-stream/cmd-stream-go/core/cln/client.go:245.49,247.5 1 0
github.com/cmd-stream/cmd-stream-go/core/cln/client.go:248.4,248.12 1 0
github.com/cmd-stream/cmd-stream-go/core/cln/client.go:250.3,250.10 1 0
github.com/cmd-stream/cmd-stream-go/core/cln/client.go:251.21,252.27 1 0
github.com/cmd-stream/cmd-stream-go/core/cln/client.go:253.76,254.12 1 0
github.com/cmd-stream/cmd-stream-go/core/cln/client.go:259.70,260.70 1 0
github.com/cmd-stream/cmd-stream-go/core/cln/client.go:260.70,262.17 2 0
github.com/cmd-stream/cmd-stream-go/core/cln/client.go:262.17,265.4 2 0
github.com/cmd-stream/cmd-stream-go/core/cln/client.go:266.3,266.9 1 0
github.com/cmd-stream/cmd-stream-go/core/cln/client.go:268.2,270.16 3 0
github.com/cmd-stream/cmd-stream-go/core/cln/client.go:270.16,272.3 1 0
github.com/cmd-stream/cmd-stream-go/core/cln/client.go:272.8,274.3 1 0
github.com/cmd-stream/cmd-stream-go/core/cln/client.go:275.2,277.16 3 0
github.com/cmd-stream/cmd-stream-go/core/cln/client.go:277.16,279.3 1 0
github.com/cmd-stream/cmd-stream-go/core/cln/client.go:280.2,280.8 1 0
github.com/cmd-stream/cmd-stream-go/core/cln/client.go:283.33,286.2 2 0
github.com/cmd-stream/cmd-stream-go/core/cln/client.go:288.39,289.25 1 0
github.com/cmd-stream/cmd-stream-go/core/cln/client.go:289.25,291.3 1 0
github.com/cmd-stream/cmd-stream-go/core/cln/client.go:292.2,294.15 3 0
github.com/cmd-stream/cmd-stream-go/core/cln/client.go:297.49,298.22 1 0
github.com/cmd-stream/cmd-stream-go/core/cln/client.go:298.22,300.3 1 0
github.com/cmd-stream/cmd-stream-go/core/cln/client.go:301.2,301.12 1 0
github.com/cmd-stream/cmd-stream-go/core/cln/client.go:304.61,305.1 1 0
github.com/cmd-stream/cmd-stream-go/core/cln/client.go:306.2,307.16 2 0
github.com/cmd-stream/cmd-stream-go/core/cln/client.go:307.16,309.52 2 0
github.com/cmd-stream/cmd-stream-go/core/cln/client.go:309.52,310.75 1 0
github.com/cmd-stream/cmd-stream-go/core/cln/client.go:310.75,311.56 1 0
github.com/cmd-stream/cmd-stream-go/core/cln/client.go:311.56,312.16 1 0
github.com/cmd-stream/cmd-stream-go/core/cln/client.go:317.2,317.18 1 0
github.com/cmd-stream/cmd-stream-go/core/cln/client.go:322.3,323.6 1 0
github.com/cmd-stream/cmd-stream-go/core/cln/client.go:323.6,324.50 1 0
github.com/cmd-stream/cmd-stream-go/core/cln/client.go:324.50,326.4 1 0
github.com/cmd-stream/cmd-stream-go/core/cln/client.go:327.3,327.55 1 0
github.com/cmd-stream/cmd-stream-go/core/cln/client.go:327.55,329.12 2 0
github.com/cmd-stream/cmd-stream-go/core/cln/client.go:331.3,331.20 1 0
github.com/cmd-stream/cmd-stream-go/core/cln/errs.go:14.40,16.2 1 0
github.com/cmd-stream/cmd-stream-go/core/cln/options.go:12.80,13.26 1 0
github.com/cmd-stream/cmd-stream-go/core/cln/options.go:13.26,13.67 1 0
github.com/cmd-stream/cmd-stream-go/core/cln/options.go:17.43,18.27 1 0
github.com/cmd-stream/cmd-stream-go/core/cln/options.go:18.27,19.17 1 0
github.com/cmd-stream/cmd-stream-go/core/cln/options.go:19.17,21.4 1 0
github.com/cmd-stream/cmd-stream-go/core/cln/state.go:19.42,24.2 4 0
github.com/cmd-stream/cmd-stream-go/core/cln/state.go:26.39,28.19 2 0
github.com/cmd-stream/cmd-stream-go/core/cln/state.go:28.19,31.3 2 0
github.com/cmd-stream/cmd-stream-go/core/cln/state.go:32.2,34.13 3 0
github.com/cmd-stream/cmd-stream-go/core/cln/state.go:44.73,48.2 3 0
github.com/cmd-stream/cmd-stream-go/core/cln/state.go:50.43,54.2 3 0
github.com/cmd-stream/cmd-stream-go/core/cln/state.go:56.84,61.2 4 0
github.com/cmd-stream/cmd-stream-go/core/cln/state.go:63.84,66.9 3 0
github.com/cmd-stream/cmd-stream-go/core/cln/state.go:66.9,68.3 1 0
github.com/cmd-stream/cmd-stream-go/core/cln/state.go:69.2,70.8 2 0
github.com/cmd-stream/cmd-stream-go/core/cln/state.go:73.93,75.32 2 0
github.com/cmd-stream/cmd-stream-go/core/cln/state.go:75.32,78.3 2 0
github.com/cmd-stream/cmd-stream-go/core/cln/state.go:79.2,79.12 1 0
github.com/cmd-stream/cmd-stream-go/core/cln/state.go:82.43,83.71 1 0
github.com/cmd-stream/cmd-stream-go/core/cln/state.go:83.71,84.10 1 0
github.com/cmd-stream/cmd-stream-go/core/cln/state.go:85.60,85.60 0 0
github.com/cmd-stream/cmd-stream-go/core/cln/state.go:86.11,86.11 0 0
github.com/cmd-stream/cmd-stream-go/core/cln/state.go:98.34,102.2 3 0
github.com/cmd-stream/cmd-stream-go/core/cln/state.go:104.39,109.2 4 0
github.com/cmd-stream/cmd-stream-go/core/srv/conn_receiver.go:21.17,31.2 3 0
github.com/cmd-stream/cmd-stream-go/core/srv/conn_receiver.go:49.42,50.15 1 0
github.com/cmd-stream/cmd-stream-go/core/srv/conn_receiver.go:50.15,53.3 2 0
github.com/cmd-stream/cmd-stream-go/core/srv/conn_receiver.go:54.2,55.16 2 0
github.com/cmd-stream/cmd-stream-go/core/srv/conn_receiver.go:55.16,57.3 1 0
github.com/cmd-stream/cmd-stream-go/core/srv/conn_receiver.go:58.2,58.24 1 0
github.com/cmd-stream/cmd-stream-go/core/srv/conn_receiver.go:63.47,65.2 1 0
github.com/cmd-stream/cmd-stream-go/core/srv/conn_receiver.go:68.43,70.2 1 0
github.com/cmd-stream/cmd-stream-go/core/srv/conn_receiver.go:72.54,73.37 1 0
github.com/cmd-stream/cmd-stream-go/core/srv/conn_receiver.go:73.37,74.16 1 0
github.com/cmd-stream/cmd-stream-go/core/srv/conn_receiver.go:74.16,75.18 1 0
github.com/cmd-stream/cmd-stream-go/core/srv/conn_receiver.go:75.18,77.5 1 0
github.com/cmd-stream/cmd-stream-go/core/srv/conn_receiver.go:79.3,81.17 3 0
github.com/cmd-stream/cmd-stream-go/core/srv/conn_receiver.go:81.17,83.4 1 0
github.com/cmd-stream/cmd-stream-go/core/srv/conn_receiver.go:85.2,86.16 2 0
github.com/cmd-stream/cmd-stream-go/core/srv/conn_receiver.go:86.16,88.3 1 0
github.com/cmd-stream/cmd-stream-go/core/srv/conn_receiver.go:89.2,89.26 1 0
github.com/cmd-stream/cmd-stream-go/core/srv/conn_receiver.go:92.50,94.6 2 0
github.com/cmd-stream/cmd-stream-go/core/srv/conn_receiver.go:94.6,96.17 2 0
github.com/cmd-stream/cmd-stream-go/core/srv/conn_receiver.go:96.17,98.4 1 0
github.com/cmd-stream/cmd-stream-go/core/srv/conn_receiver.go:99.3,100.17 2 0
github.com/cmd-stream/cmd-stream-go/core/srv/conn_receiver.go:100.17,102.4 1 0
github.com/cmd-stream/cmd-stream-go/core/srv/conn_receiver.go:106.55,107.9 1 0
github.com/cmd-stream/cmd-stream-go/core/srv/conn_receiver.go:108.19,110.19 2 0
github.com/cmd-stream/cmd-stream-go/core/srv/conn_receiver.go:111.23,112.13 1 0
github.com/cmd-stream/cmd-stream-go/core/srv/conn_receiver.go:116.57,120.27 3 0
github.com/cmd-stream/cmd-stream-go/core/srv/conn_receiver.go:120.27,121.43 1 0
github.com/cmd-stream/cmd-stream-go/core/srv/conn_receiver.go:121.43,123.4 1 0
github.com/cmd-stream/cmd-stream-go/core/srv/conn_receiver.go:124.3,125.19 2 0
github.com/cmd-stream/cmd-stream-go/core/srv/conn_receiver.go:127.2,127.8 1 0
github.com/cmd-stream/cmd-stream-go/core/srv/conn_receiver.go:130.52,134.17 3 0
github.com/cmd-stream/cmd-stream-go/core/srv/conn_receiver.go:135.18,136.13 1 0
github.com/cmd-stream/cmd-stream-go/core/srv/conn_receiver.go:137.16,138.13 1 0
github.com/cmd-stream/cmd-stream-go/core/srv/conn_receiver.go:139.14,140.19 1 0
github.com/cmd-stream/cmd-stream-go/core/srv/conn_receiver.go:141.10,142.78 1 0
github.com/cmd-stream/cmd-stream-go/core/srv/conn_receiver.go:146.34,151.25 4 0
github.com/cmd-stream/cmd-stream-go/core/srv/conn_receiver.go:151.25,153.3 1 0
github.com/cmd-stream/cmd-stream-go/core/srv/conn_receiver.go:154.2,154.28 1 0
github.com/cmd-stream/cmd-stream-go/core/srv/conn_receiver.go:154.28,156.3 1 0
github.com/cmd-stream/cmd-stream-go/core/srv/conn_receiver_options.go:14.66,15.38 1 0
github.com/cmd-stream/cmd-stream-go/core/srv/conn_receiver_options.go:15.38,15.64 1 0
github.com/cmd-stream/cmd-stream-go/core/srv/conn_receiver_options.go:19.79,20.27 1 0
github.com/cmd-stream/cmd-stream-go/core/srv/conn_receiver_options.go:20.27,21.17 1 0
github.com/cmd-stream/cmd-stream-go/core/srv/conn_receiver_options.go:21.17,23.4 1 0
github.com/cmd-stream/cmd-stream-go/core/srv/errs.go:24.38,26.2 1 0
github.com/cmd-stream/cmd-stream-go/core/srv/options.go:19.31,23.2 1 0
github.com/cmd-stream/cmd-stream-go/core/srv/options.go:26.35,27.25 1 0
github.com/cmd-stream/cmd-stream-go/core/srv/options.go:27.25,29.3 1 0
github.com/cmd-stream/cmd-stream-go/core/srv/options.go:30.2,30.12 1 0
github.com/cmd-stream/cmd-stream-go/core/srv/options.go:37.44,38.26 1 0
github.com/cmd-stream/cmd-stream-go/core/srv/options.go:38.26,38.52 1 0
github.com/cmd-stream/cmd-stream-go/core/srv/options.go:43.64,44.26 1 0
github.com/cmd-stream/cmd-stream-go/core/srv/options.go:44.26,44.59 1 0
github.com/cmd-stream/cmd-stream-go/core/srv/options.go:48.63,49.26 1 0
github.com/cmd-stream/cmd-stream-go/core/srv/options.go:49.26,49.50 1 0
github.com/cmd-stream/cmd-stream-go/core/srv/options.go:53.48,54.26 1 0
github.com/cmd-stream/cmd-stream-go/core/srv/options.go:54.26,54.48 1 0
github.com/cmd-stream/cmd-stream-go/core/srv/options.go:58.43,59.27 1 0
github.com/cmd-stream/cmd-stream-go/core/srv/options.go:59.27,60.17 1 0
github.com/cmd-stream/cmd-stream-go/core/srv/options.go:60.17,62.4 1 0
github.com/cmd-stream/cmd-stream-go/core/srv/server.go:33.82,35.2 1 0
github.com/cmd-stream/cmd-stream-go/core/srv/server.go:40.3,43.36 3 0
github.com/cmd-stream/cmd-stream-go/core/srv/server.go:43.36,46.3 2 0
github.com/cmd-stream/cmd-stream-go/core/srv/server.go:47.2,51.8 1 0
github.com/cmd-stream/cmd-stream-go/core/srv/server.go:56.58,58.16 2 0
github.com/cmd-stream/cmd-stream-go/core/srv/server.go:58.16,61.3 2 0
github.com/cmd-stream/cmd-stream-go/core/srv/server.go:62.2,62.26 1 0
github.com/cmd-stream/cmd-stream-go/core/srv/server.go:74.60,81.32 4 0
github.com/cmd-stream/cmd-stream-go/core/srv/server.go:81.32,83.3 1 0
github.com/cmd-stream/cmd-stream-go/core/srv/server.go:84.2,84.26 1 0
github.com/cmd-stream/cmd-stream-go/core/srv/server.go:90.41,91.18 1 0
github.com/cmd-stream/cmd-stream-go/core/srv/server.go:91.18,93.3 1 0
github.com/cmd-stream/cmd-stream-go/core/srv/server.go:94.2,94.45 1 0
github.com/cmd-stream/cmd-stream-go/core/srv/server.go:94.45,96.3 1 0
github.com/cmd-stream/cmd-stream-go/core/srv/server.go:97.2,97.8 1 0
github.com/cmd-stream/cmd-stream-go/core/srv/server.go:103.38,104.18 1 0
github.com/cmd-stream/cmd-stream-go/core/srv/server.go:104.18,106.3 1 0
github.com/cmd-stream/cmd-stream-go/core/srv/server.go:107.2,107.41 1 0
github.com/cmd-stream/cmd-stream-go/core/srv/server.go:107.41,109.3 1 0
github.com/cmd-stream/cmd-stream-go/core/srv/server.go:110.2,110.8 1 0
github.com/cmd-stream/cmd-stream-go/core/srv/server.go:113.75,117.2 3 0
github.com/cmd-stream/cmd-stream-go/core/srv/server.go:121.3,128.2 5 0
github.com/cmd-stream/cmd-stream-go/core/srv/server.go:130.46,132.9 2 0
github.com/cmd-stream/cmd-stream-go/core/srv/server.go:132.9,134.3 1 0
github.com/cmd-stream/cmd-stream-go/core/srv/server.go:135.2,136.56 2 0
github.com/cmd-stream/cmd-stream-go/core/srv/server.go:136.56,138.3 1 0
github.com/cmd-stream/cmd-stream-go/core/srv/server.go:139.2,139.33 1 0
github.com/cmd-stream/cmd-stream-go/core/srv/server.go:142.33,146.2 3 0
github.com/cmd-stream/cmd-stream-go/core/srv/server.go:150.3,152.16 2 0
github.com/cmd-stream/cmd-stream-go/core/srv/server.go:152.16,154.3 1 0
github.com/cmd-stream/cmd-stream-go/core/srv/server.go:155.2,156.24 2 0
github.com/cmd-stream/cmd-stream-go/core/srv/server.go:156.24,158.3 1 0
github.com/cmd-stream/cmd-stream-go/core/srv/server.go:159.2,159.8 1 0
github.com/cmd-stream/cmd-stream-go/core/srv/server.go:167.58,169.2 1 0
github.com/cmd-stream/cmd-stream-go/core/srv/worker.go:36.11,46.15 3 0
github.com/cmd-stream/cmd-stream-go/core/srv/worker.go:46.15,47.15 1 0
github.com/cmd-stream/cmd-stream-go/core/srv/worker.go:47.15,49.4 1 0
github.com/cmd-stream/cmd-stream-go/core/srv/worker.go:51.2,52.15 2 0
github.com/cmd-stream/cmd-stream-go/core/srv/worker.go:57.36,62.6 2 0
github.com/cmd-stream/cmd-stream-go/core/srv/worker.go:62.6,63.10 1 0
github.com/cmd-stream/cmd-stream-go/core/srv/worker.go:64.23,65.20 1 0
github.com/cmd-stream/cmd-stream-go/core/srv/worker.go:66.31,69.13 1 0
github.com/cmd-stream/cmd-stream-go/core/srv/worker.go:69.13,71.5 1 0
github.com/cmd-stream/cmd-stream-go/core/srv/worker.go:72.4,73.18 2 0
github.com/cmd-stream/cmd-stream-go/core/srv/worker.go:73.18,74.32 1 0
github.com/cmd-stream/cmd-stream-go/core/srv/worker.go:74.32,76.6 1 0
github.com/cmd-stream/cmd-stream-go/core/srv/worker.go:77.5,77.26 1 0
github.com/cmd-stream/cmd-stream-go/core/srv/worker.go:77.26,79.6 1 0
github.com/cmd-stream/cmd-stream-go/core/srv/worker.go:80.5,80.25 1 0
github.com/cmd-stream/cmd-stream-go/core/srv/worker.go:80.25,82.6 1 0
github.com/cmd-stream/cmd-stream-go/core/srv/worker.go:89.37,92.2 2 0
github.com/cmd-stream/cmd-stream-go/core/srv/worker.go:98.30,100.28 2 0
github.com/cmd-stream/cmd-stream-go/core/srv/worker.go:100.28,102.3 1 0
github.com/cmd-stream/cmd-stream-go/core/srv/worker.go:103.2,103.8 1 0
github.com/cmd-stream/cmd-stream-go/delegate/ping-pong.go:14.80,17.2 2 0
github.com/cmd-stream/cmd-stream-go/delegate/ping-pong.go:23.36,25.2 1 0
github.com/cmd-stream/cmd-stream-go/delegate/server_info.go:24.49,28.23 1 1
github.com/cmd-stream/cmd-stream-go/delegate/server_info.go:28.23,29.40 1 0
github.com/cmd-stream/cmd-stream-go/delegate/server_info.go:29.40,31.7 1 0
github.com/cmd-stream/cmd-stream-go/delegate/server_info.go:32.6,32.16 1 0
github.com/cmd-stream/cmd-stream-go/delegate/server_info.go:46.3,48.2 1 0
github.com/cmd-stream/cmd-stream-go/delegate/server_info.go:53.3,55.2 1 0
github.com/cmd-stream/cmd-stream-go/delegate/server_info.go:58.62,60.2 1 0
github.com/cmd-stream/cmd-stream-go/delegate/server_info.go:63.67,65.2 1 0
github.com/cmd-stream/cmd-stream-go/delegate/cln/client_info_delegate.go:25.3,29.16 4 0
github.com/cmd-stream/cmd-stream-go/delegate/cln/client_info_delegate.go:29.16,31.3 1 0
github.com/cmd-stream/cmd-stream-go/delegate/cln/client_info_delegate.go:32.2,35.8 1 0
github.com/cmd-stream/cmd-stream-go/delegate/cln/client_info_delegate.go:40.89,43.2 2 0
github.com/cmd-stream/cmd-stream-go/delegate/cln/client_info_delegate.go:46.50,48.2 1 0
github.com/cmd-stream/cmd-stream-go/delegate/cln/client_info_delegate.go:51.53,53.2 1 0
github.com/cmd-stream/cmd-stream-go/delegate/cln/client_info_delegate.go:56.54,58.2 1 0
github.com/cmd-stream/cmd-stream-go/delegate/cln/client_info_delegate.go:61.74,63.2 1 0
github.com/cmd-stream/cmd-stream-go/delegate/cln/client_info_delegate.go:66.87,68.2 1 0
github.com/cmd-stream/cmd-stream-go/delegate/cln/client_info_delegate.go:71.46,73.2 1 0
github.com/cmd-stream/cmd-stream-go/delegate/cln/client_info_delegate.go:76.77,78.2 1 0
github.com/cmd-stream/cmd-stream-go/delegate/cln/client_info_delegate.go:81.95,83.2 1 0
github.com/cmd-stream/cmd-stream-go/delegate/cln/client_info_delegate.go:86.46,88.2 1 0
github.com/cmd-stream/cmd-stream-go/delegate/cln/client_info_delegate.go:93.15,95.16 2 0
github.com/cmd-stream/cmd-stream-go/delegate/cln/client_info_delegate.go:95.16,97.3 1 0
github.com/cmd-stream/cmd-stream-go/delegate/cln/client_info_delegate.go:98.2,99.16 2 0
github.com/cmd-stream/cmd-stream-go/delegate/cln/client_info_delegate.go:99.16,101.3 1 0
github.com/cmd-stream/cmd-stream-go/delegate/cln/client_info_delegate.go:102.2,102.34 1 0
github.com/cmd-stream/cmd-stream-go/delegate/cln/client_info_delegate.go:102.34,104.3 1 0
github.com/cmd-stream/cmd-stream-go/delegate/cln/client_info_delegate.go:105.2,105.50 1 0
github.com/cmd-stream/cmd-stream-go/delegate/cln/client_info_delegate.go:108.64,109.19 1 0
github.com/cmd-stream/cmd-stream-go/delegate/cln/client_info_delegate.go:109.19,111.3 1 0
github.com/cmd-stream/cmd-stream-go/delegate/cln/client_info_delegate.go:112.2,112.8 1 0
github.com/cmd-stream/cmd-stream-go/delegate/cln/keepalive.go:29.25,38.2 3 0
github.com/cmd-stream/cmd-stream-go/delegate/cln/keepalive.go:43.3,44.6 1 0
github.com/cmd-stream/cmd-stream-go/delegate/cln/keepalive.go:44.6,46.17 2 0
github.com/cmd-stream/cmd-stream-go/delegate/cln/keepalive.go:46.17,48.4 1 0
github.com/cmd-stream/cmd-stream-go/delegate/cln/keepalive.go:49.3,49.45 1 0
github.com/cmd-stream/cmd-stream-go/delegate/cln/keepalive.go:49.45,51.4 1 0
github.com/cmd-stream/cmd-stream-go/delegate/cln/keepalive.go:56.52,57.48 1 0
github.com/cmd-stream/cmd-stream-go/delegate/cln/keepalive.go:57.48,59.3 1 0
github.com/cmd-stream/cmd-stream-go/delegate/cln/keepalive.go:60.2,60.9 1 0
github.com/cmd-stream/cmd-stream-go/delegate/cln/keepalive.go:61.29,61.29 0 0
github.com/cmd-stream/cmd-stream-go/delegate/cln/keepalive.go:62.10,62.10 0 0
github.com/cmd-stream/cmd-stream-go/delegate/cln/keepalive.go:64.2,64.8 1 0
github.com/cmd-stream/cmd-stream-go/delegate/cln/keepalive.go:68.60,70.2 1 0
github.com/cmd-stream/cmd-stream-go/delegate/cln/keepalive.go:72.64,74.2 1 0
github.com/cmd-stream/cmd-stream-go/delegate/cln/keepalive.go:77.52,81.43 3 0
github.com/cmd-stream/cmd-stream-go/delegate/cln/keepalive.go:81.43,83.3 1 0
github.com/cmd-stream/cmd-stream-go/delegate/cln/keepalive.go:84.2,84.48 1 0
github.com/cmd-stream/cmd-stream-go/delegate/cln/keepalive.go:84.48,86.3 1 0
github.com/cmd-stream/cmd-stream-go/delegate/cln/keepalive.go:87.2,89.8 3 0
github.com/cmd-stream/cmd-stream-go/delegate/cln/keepalive.go:92.66,94.6 2 0
github.com/cmd-stream/cmd-stream-go/delegate/cln/keepalive.go:94.6,95.10 1 0
github.com/cmd-stream/cmd-stream-go/delegate/cln/keepalive.go:96.17,97.10 1 0
github.com/cmd-stream/cmd-stream-go/delegate/cln/keepalive.go:98.18,100.41 2 0
github.com/cmd-stream/cmd-stream-go/delegate/cln/keepalive.go:101.18,102.21 1 0
github.com/cmd-stream/cmd-stream-go/delegate/cln/keepalive.go:102.21,104.5 1 0
github.com/cmd-stream/cmd-stream-go/delegate/cln/keepalive.go:105.4,105.40 1 0
github.com/cmd-stream/cmd-stream-go/delegate/cln/keepalive.go:112.3,114.83 2 0
github.com/cmd-stream/cmd-stream-go/delegate/cln/keepalive.go:114.83,117.3 2 0
github.com/cmd-stream/cmd-stream-go/delegate/cln/keepalive.go:118.2,119.16 2 0
github.com/cmd-stream/cmd-stream-go/delegate/cln/keepalive.go:119.16,122.3 2 0
github.com/cmd-stream/cmd-stream-go/delegate/cln/keepalive.go:123.2,125.15 3 0
github.com/cmd-stream/cmd-stream-go/delegate/cln/options.go:22.63,23.26 1 1
github.com/cmd-stream/cmd-stream-go/delegate/cln/options.go:23.26,23.61 1 0
github.com/cmd-stream/cmd-stream-go/delegate/cln/options.go:27.43,28.27 1 0
github.com/cmd-stream/cmd-stream-go/delegate/cln/options.go:28.27,29.17 1 0
github.com/cmd-stream/cmd-stream-go/delegate/cln/options.go:29.17,31.4 1 0
github.com/cmd-stream/cmd-stream-go/delegate/cln/options.go:42.49,47.2 1 0
github.com/cmd-stream/cmd-stream-go/delegate/cln/options.go:54.60,55.35 1 1
github.com/cmd-stream/cmd-stream-go/delegate/cln/options.go:55.35,55.58 1 0
github.com/cmd-stream/cmd-stream-go/delegate/cln/options.go:60.61,61.35 1 0
github.com/cmd-stream/cmd-stream-go/delegate/cln/options.go:61.35,61.59 1 0
github.com/cmd-stream/cmd-stream-go/delegate/cln/options.go:65.70,66.27 1 0
github.com/cmd-stream/cmd-stream-go/delegate/cln/options.go:66.27,67.17 1 0
github.com/cmd-stream/cmd-stream-go/delegate/cln/options.go:67.17,69.4 1 0
github.com/cmd-stream/cmd-stream-go/delegate/cln/reconnect.go:27.47,29.16 2 0
github.com/cmd-stream/cmd-stream-go/delegate/cln/reconnect.go:29.16,31.3 1 0
github.com/cmd-stream/cmd-stream-go/delegate/cln/reconnect.go:32.2,35.16 4 0
github.com/cmd-stream/cmd-stream-go/delegate/cln/reconnect.go:35.16,38.3 2 0
github.com/cmd-stream/cmd-stream-go/delegate/cln/reconnect.go:39.2,46.8 3 0
github.com/cmd-stream/cmd-stream-go/delegate/cln/reconnect.go:53.25,59.2 1 0
github.com/cmd-stream/cmd-stream-go/delegate/cln/reconnect.go:62.50,64.2 1 0
github.com/cmd-stream/cmd-stream-go/delegate/cln/reconnect.go:67.53,69.2 1 0
github.com/cmd-stream/cmd-stream-go/delegate/cln/reconnect.go:72.54,74.2 1 0
github.com/cmd-stream/cmd-stream-go/delegate/cln/reconnect.go:77.80,79.2 1 0
github.com/cmd-stream/cmd-stream-go/delegate/cln/reconnect.go:84.3,86.2 1 0
github.com/cmd-stream/cmd-stream-go/delegate/cln/reconnect.go:89.52,93.43 3 0
github.com/cmd-stream/cmd-stream-go/delegate/cln/reconnect.go:93.43,95.3 1 0
github.com/cmd-stream/cmd-stream-go/delegate/cln/reconnect.go:96.2,96.30 1 0
github.com/cmd-stream/cmd-stream-go/delegate/cln/reconnect.go:102.3,104.2 1 0
github.com/cmd-stream/cmd-stream-go/delegate/cln/reconnect.go:109.3,111.2 1 0
github.com/cmd-stream/cmd-stream-go/delegate/cln/reconnect.go:114.68,116.2 1 0
github.com/cmd-stream/cmd-stream-go/delegate/cln/reconnect.go:119.56,121.6 2 0
github.com/cmd-stream/cmd-stream-go/delegate/cln/reconnect.go:121.6,123.17 2 0
github.com/cmd-stream/cmd-stream-go/delegate/cln/reconnect.go:123.17,124.61 1 0
github.com/cmd-stream/cmd-stream-go/delegate/cln/reconnect.go:124.61,126.5 1 0
github.com/cmd-stream/cmd-stream-go/delegate/cln/reconnect.go:127.4,127.12 1 0
github.com/cmd-stream/cmd-stream-go/delegate/cln/reconnect.go:129.3,129.8 1 0
github.com/cmd-stream/cmd-stream-go/delegate/cln/reconnect.go:131.2,131.34 1 0
github.com/cmd-stream/cmd-stream-go/delegate/cln/reconnect.go:135.52,139.43 3 0
github.com/cmd-stream/cmd-stream-go/delegate/cln/reconnect.go:139.43,141.3 1 0
github.com/cmd-stream/cmd-stream-go/delegate/cln/reconnect.go:142.2,143.16 2 0
github.com/cmd-stream/cmd-stream-go/delegate/cln/reconnect.go:143.16,145.3 1 0
github.com/cmd-stream/cmd-stream-go/delegate/cln/reconnect.go:146.2,146.8 1 0
github.com/cmd-stream/cmd-stream-go/delegate/cln/reconnect.go:151.3,152.16 1 0
github.com/cmd-stream/cmd-stream-go/delegate/cln/reconnect.go:152.16,154.3 1 0
github.com/cmd-stream/cmd-stream-go/delegate/cln/reconnect.go:155.2,156.16 2 0
github.com/cmd-stream/cmd-stream-go/delegate/cln/reconnect.go:156.16,158.3 1 0
github.com/cmd-stream/cmd-stream-go/delegate/cln/reconnect.go:159.2,159.16 1 0
github.com/cmd-stream/cmd-stream-go/delegate/cln/reconnect.go:159.16,162.3 2 0
github.com/cmd-stream/cmd-stream-go/delegate/cln/reconnect.go:163.2,164.16 2 0
github.com/cmd-stream/cmd-stream-go/delegate/cln/reconnect.go:164.16,167.3 2 0
github.com/cmd-stream/cmd-stream-go/delegate/cln/reconnect.go:168.2,168.23 1 0
github.com/cmd-stream/cmd-stream-go/delegate/cln/reconnect.go:171.92,175.16 3 0
github.com/cmd-stream/cmd-stream-go/delegate/cln/reconnect.go:175.16,178.3 2 0
github.com/cmd-stream/cmd-stream-go/delegate/cln/reconnect.go:179.2,180.12 2 0
github.com/cmd-stream/cmd-stream-go/delegate/cln/reconnect.go:183.46,185.2 1 0
github.com/cmd-stream/cmd-stream-go/delegate/srv/options.go:15.60,16.26 1 0
github.com/cmd-stream/cmd-stream-go/delegate/srv/options.go:16.26,16.58 1 0
github.com/cmd-stream/cmd-stream-go/delegate/srv/options.go:20.43,21.27 1 0
github.com/cmd-stream/cmd-stream-go/delegate/srv/options.go:21.27,22.17 1 0
github.com/cmd-stream/cmd-stream-go/delegate/srv/options.go:22.17,24.4 1 0
github.com/cmd-stream/cmd-stream-go/delegate/srv/server_info_delegate.go:25.47,26.20 1 0
github.com/cmd-stream/cmd-stream-go/delegate/srv/server_info_delegate.go:26.20,29.3 2 0
github.com/cmd-stream/cmd-stream-go/delegate/srv/server_info_delegate.go:30.2,37.8 3 0
github.com/cmd-stream/cmd-stream-go/delegate/srv/server_info_delegate.go:41.87,44.16 3 0
github.com/cmd-stream/cmd-stream-go/delegate/srv/server_info_delegate.go:44.16,47.3 2 0
github.com/cmd-stream/cmd-stream-go/delegate/srv/server_info_delegate.go:48.2,48.41 1 0
github.com/cmd-stream/cmd-stream-go/delegate/srv/server_info_delegate.go:51.94,52.43 1 0
github.com/cmd-stream/cmd-stream-go/delegate/srv/server_info_delegate.go:52.43,54.60 2 0
github.com/cmd-stream/cmd-stream-go/delegate/srv/server_info_delegate.go:54.60,56.4 1 0
github.com/cmd-stream/cmd-stream-go/delegate/srv/server_info_delegate.go:58.2,58.41 1 0
github.com/cmd-stream/cmd-stream-go/group/errs.go:11.39,13.2 1 0
github.com/cmd-stream/cmd-stream-go/group/group.go:20.64,22.12 2 0
github.com/cmd-stream/cmd-stream-go/group/group.go:22.12,24.26 2 0
github.com/cmd-stream/cmd-stream-go/group/group.go:24.26,26.4 1 0
github.com/cmd-stream/cmd-stream-go/group/group.go:27.3,27.20 1 0
github.com/cmd-stream/cmd-stream-go/group/group.go:29.2,29.14 1 0
github.com/cmd-stream/cmd-stream-go/group/group.go:39.3,43.16 4 0
github.com/cmd-stream/cmd-stream-go/group/group.go:43.16,45.3 1 0
github.com/cmd-stream/cmd-stream-go/group/group.go:46.2,46.8 1 0
github.com/cmd-stream/cmd-stream-go/group/group.go:52.55,56.16 4 0
github.com/cmd-stream/cmd-stream-go/group/group.go:56.16,58.3 1 0
github.com/cmd-stream/cmd-stream-go/group/group.go:59.2,59.8 1 0
github.com/cmd-stream/cmd-stream-go/group/group.go:64.66,66.2 1 0
github.com/cmd-stream/cmd-stream-go/group/group.go:71.59,73.2 1 0
github.com/cmd-stream/cmd-stream-go/group/group.go:76.30,78.2 1 0
github.com/cmd-stream/cmd-stream-go/group/group.go:81.42,83.2 1 0
github.com/cmd-stream/cmd-stream-go/group/group.go:86.39,87.44 1 0
github.com/cmd-stream/cmd-stream-go/group/group.go:87.44,89.3 1 0
github.com/cmd-stream/cmd-stream-go/group/group.go:90.2,90.8 1 0
github.com/cmd-stream/cmd-stream-go/group/group.go:94.39,95.44 1 0
github.com/cmd-stream/cmd-stream-go/group/group.go:95.44,97.3 1 0
github.com/cmd-stream/cmd-stream-go/group/group.go:98.2,98.16 1 0
github.com/cmd-stream/cmd-stream-go/group/group.go:98.16,100.3 1 0
github.com/cmd-stream/cmd-stream-go/group/group.go:101.2,101.8 1 0
github.com/cmd-stream/cmd-stream-go/group/options.go:17.41,21.2 1 0
github.com/cmd-stream/cmd-stream-go/group/options.go:24.38,25.22 1 0
github.com/cmd-stream/cmd-stream-go/group/options.go:25.22,27.3 1 0
github.com/cmd-stream/cmd-stream-go/group/options.go:28.2,28.12 1 0
github.com/cmd-stream/cmd-stream-go/group/options.go:38.74,39.29 1 0
github.com/cmd-stream/cmd-stream-go/group/options.go:39.29,39.52 1 0
github.com/cmd-stream/cmd-stream-go/group/options.go:46.42,47.29 1 0
github.com/cmd-stream/cmd-stream-go/group/options.go:47.29,47.51 1 0
github.com/cmd-stream/cmd-stream-go/group/options.go:52.60,53.29 1 0
github.com/cmd-stream/cmd-stream-go/group/options.go:53.29,53.77 1 0
github.com/cmd-stream/cmd-stream-go/group/options.go:57.62,58.27 1 0
github.com/cmd-stream/cmd-stream-go/group/options.go:58.27,59.17 1 0
github.com/cmd-stream/cmd-stream-go/group/options.go:59.17,61.4 1 0
github.com/cmd-stream/cmd-stream-go/group/options.go:63.2,63.21 1 0
github.com/cmd-stream/cmd-stream-go/group/strategy_round-robin.go:13.65,16.2 2 0
github.com/cmd-stream/cmd-stream-go/group/strategy_round-robin.go:21.58,24.2 2 0
github.com/cmd-stream/cmd-stream-go/group/strategy_round-robin.go:27.44,29.2 1 0
github.com/cmd-stream/cmd-stream-go/group/strategy_round-robin.go:37.31,39.2 1 0
github.com/cmd-stream/cmd-stream-go/handler/handler.go:28.68,35.2 3 0
github.com/cmd-stream/cmd-stream-go/handler/handler.go:38.91,50.2 7 0
github.com/cmd-stream/cmd-stream-go/handler/handler.go:55.3,61.6 3 0
github.com/cmd-stream/cmd-stream-go/handler/handler.go:61.6,62.40 1 0
github.com/cmd-stream/cmd-stream-go/handler/handler.go:62.40,64.65 2 0
github.com/cmd-stream/cmd-stream-go/handler/handler.go:64.65,67.5 2 0
github.com/cmd-stream/cmd-stream-go/handler/handler.go:69.3,70.17 2 0
github.com/cmd-stream/cmd-stream-go/handler/handler.go:70.17,73.4 2 0
github.com/cmd-stream/cmd-stream-go/handler/handler.go:74.3,80.19 2 0
github.com/cmd-stream/cmd-stream-go/handler/handler.go:80.19,82.4 1 0
github.com/cmd-stream/cmd-stream-go/handler/handler.go:83.3,84.51 2 0
github.com/cmd-stream/cmd-stream-go/handler/handler.go:84.51,86.63 2 0
github.com/cmd-stream/cmd-stream-go/handler/handler.go:86.63,88.5 1 0
github.com/cmd-stream/cmd-stream-go/handler/invoker.go:24.26,26.2 1 0
github.com/cmd-stream/cmd-stream-go/handler/options.go:14.56,15.26 1 0
github.com/cmd-stream/cmd-stream-go/handler/options.go:15.26,15.54 1 0
github.com/cmd-stream/cmd-stream-go/handler/options.go:20.25,21.26 1 0
github.com/cmd-stream/cmd-stream-go/handler/options.go:21.26,21.41 1 0
github.com/cmd-stream/cmd-stream-go/handler/options.go:28.43,29.27 1 0
github.com/cmd-stream/cmd-stream-go/handler/options.go:29.27,30.17 1 0
github.com/cmd-stream/cmd-stream-go/handler/options.go:30.17,32.4 1 0
github.com/cmd-stream/cmd-stream-go/handler/proxy.go:23.42,25.2 1 0
github.com/cmd-stream/cmd-stream-go/handler/proxy.go:28.34,30.2 1 0
github.com/cmd-stream/cmd-stream-go/handler/proxy.go:33.40,35.2 1 0
github.com/cmd-stream/cmd-stream-go/handler/proxy.go:38.41,40.2 1 0
github.com/cmd-stream/cmd-stream-go/handler/proxy.go:43.63,47.16 4 0
github.com/cmd-stream/cmd-stream-go/handler/proxy.go:47.16,49.3 1 0
github.com/cmd-stream/cmd-stream-go/handler/proxy.go:50.2,50.21 1 0
github.com/cmd-stream/cmd-stream-go/handler/proxy.go:56.3,59.16 3 0
github.com/cmd-stream/cmd-stream-go/handler/proxy.go:59.16,62.3 2 0
github.com/cmd-stream/cmd-stream-go/handler/proxy.go:63.2,64.16 2 0
github.com/cmd-stream/cmd-stream-go/handler/proxy.go:64.16,67.3 2 0
github.com/cmd-stream/cmd-stream-go/handler/proxy.go:68.2,69.21 2 0
github.com/cmd-stream/cmd-stream-go/handler/proxy.go:72.39,73.72 1 0
github.com/cmd-stream/cmd-stream-go/handler/proxy.go:73.72,78.3 4 0
github.com/cmd-stream/cmd-stream-go/handler/proxy.go:79.2,79.8 1 0
github.com/cmd-stream/cmd-stream-go/sender/handler.go:16.71,18.2 1 0
github.com/cmd-stream/cmd-stream-go/sender/options.go:13.41,17.2 1 0
github.com/cmd-stream/cmd-stream-go/sender/options.go:25.67,26.29 1 0
github.com/cmd-stream/cmd-stream-go/sender/options.go:26.29,28.3 1 0
github.com/cmd-stream/cmd-stream-go/sender/options.go:32.56,33.27 1 0
github.com/cmd-stream/cmd-stream-go/sender/options.go:33.27,34.17 1 0
github.com/cmd-stream/cmd-stream-go/sender/options.go:34.17,36.4 1 0
github.com/cmd-stream/cmd-stream-go/sender/options_make.go:20.49,24.2 1 0
github.com/cmd-stream/cmd-stream-go/sender/options_make.go:27.42,28.25 1 0
github.com/cmd-stream/cmd-stream-go/sender/options_make.go:28.25,30.3 1 0
github.com/cmd-stream/cmd-stream-go/sender/options_make.go:31.2,31.12 1 0
github.com/cmd-stream/cmd-stream-go/sender/options_make.go:38.66,39.33 1 0
github.com/cmd-stream/cmd-stream-go/sender/options_make.go:39.33,39.71 1 0
github.com/cmd-stream/cmd-stream-go/sender/options_make.go:43.63,44.33 1 0
github.com/cmd-stream/cmd-stream-go/sender/options_make.go:44.33,44.73 1 0
github.com/cmd-stream/cmd-stream-go/sender/options_make.go:48.62,49.33 1 0
github.com/cmd-stream/cmd-stream-go/sender/options_make.go:49.33,49.55 1 0
github.com/cmd-stream/cmd-stream-go/sender/options_make.go:53.58,54.33 1 0
github.com/cmd-stream/cmd-stream-go/sender/options_make.go:54.33,54.59 1 0
github.com/cmd-stream/cmd-stream-go/sender/options_make.go:58.74,59.27 1 0
github.com/cmd-stream/cmd-stream-go/sender/options_make.go:59.27,60.17 1 0
github.com/cmd-stream/cmd-stream-go/sender/options_make.go:60.17,62.4 1 0
github.com/cmd-stream/cmd-stream-go/sender/options_make.go:64.2,64.21 1 0
github.com/cmd-stream/cmd-stream-go/sender/sender.go:25.65,32.2 3 0
github.com/cmd-stream/cmd-stream-go/sender/sender.go:37.3,43.16 3 0
github.com/cmd-stream/cmd-stream-go/sender/sender.go:43.16,45.3 1 0
github.com/cmd-stream/cmd-stream-go/sender/sender.go:46.2,52.16 3 0
github.com/cmd-stream/cmd-stream-go/sender/sender.go:52.16,55.3 2 0
github.com/cmd-stream/cmd-stream-go/sender/sender.go:56.2,56.58 1 0
github.com/cmd-stream/cmd-stream-go/sender/sender.go:63.35,69.16 3 0
github.com/cmd-stream/cmd-stream-go/sender/sender.go:69.16,71.3 1 0
github.com/cmd-stream/cmd-stream-go/sender/sender.go:72.2,78.16 3 0
github.com/cmd-stream/cmd-stream-go/sender/sender.go:78.16,81.3 2 0
github.com/cmd-stream/cmd-stream-go/sender/sender.go:82.2,82.58 1 0
github.com/cmd-stream/cmd-stream-go/sender/sender.go:89.15,95.16 3 0
github.com/cmd-stream/cmd-stream-go/sender/sender.go:95.16,97.3 1 0
github.com/cmd-stream/cmd-stream-go/sender/sender.go:98.2,104.16 3 0
github.com/cmd-stream/cmd-stream-go/sender/sender.go:104.16,107.3 2 0
github.com/cmd-stream/cmd-stream-go/sender/sender.go:108.2,109.8 2 0
github.com/cmd-stream/cmd-stream-go/sender/sender.go:118.15,124.16 3 0
github.com/cmd-stream/cmd-stream-go/sender/sender.go:124.16,126.3 1 0
github.com/cmd-stream/cmd-stream-go/sender/sender.go:127.2,133.16 3 0
github.com/cmd-stream/cmd-stream-go/sender/sender.go:133.16,136.3 2 0
github.com/cmd-stream/cmd-stream-go/sender/sender.go:137.2,138.8 2 0
github.com/cmd-stream/cmd-stream-go/sender/sender.go:143.68,145.16 2 0
github.com/cmd-stream/cmd-stream-go/sender/sender.go:145.16,147.3 1 0
github.com/cmd-stream/cmd-stream-go/sender/sender.go:148.2,148.9 1 0
github.com/cmd-stream/cmd-stream-go/sender/sender.go:149.34,150.40 1 0
github.com/cmd-stream/cmd-stream-go/sender/sender.go:151.18,152.9 1 0
github.com/cmd-stream/cmd-stream-go/sender/sender.go:157.34,159.2 1 0
github.com/cmd-stream/cmd-stream-go/sender/sender.go:163.43,165.2 1 0
github.com/cmd-stream/cmd-stream-go/sender/sender.go:171.35,172.9 1 0
github.com/cmd-stream/cmd-stream-go/sender/sender.go:173.20,176.40 3 0
github.com/cmd-stream/cmd-stream-go/sender/sender.go:177.32,185.26 4 0
github.com/cmd-stream/cmd-stream-go/sender/sender.go:187.2,187.8 1 0
github.com/cmd-stream/cmd-stream-go/sender/sender.go:195.3,202.6 2 0
github.com/cmd-stream/cmd-stream-go/sender/sender.go:202.6,203.10 1 0
github.com/cmd-stream/cmd-stream-go/sender/sender.go:204.21,207.41 3 0
github.com/cmd-stream/cmd-stream-go/sender/sender.go:208.33,216.27 4 0
github.com/cmd-stream/cmd-stream-go/sender/sender.go:218.3,219.23 2 0
github.com/cmd-stream/cmd-stream-go/sender/sender.go:219.23,221.4 1 0
github.com/cmd-stream/cmd-stream-go/sender/sender.go:222.3,222.37 1 0
github.com/cmd-stream/cmd-stream-go/sender/sender.go:222.37,224.4 1 0
github.com/cmd-stream/cmd-stream-go/sender/sender.go:225.3,225.6 1 0
github.com/cmd-stream/cmd-stream-go/sender/hooks/hooks_circuit_breaker.go:20.26,22.2 1 0
github.com/cmd-stream/cmd-stream-go/sender/hooks/hooks_circuit_breaker.go:27.3,28.19 1 0
github.com/cmd-stream/cmd-stream-go/sender/hooks/hooks_circuit_breaker.go:28.19,30.3 1 0
github.com/cmd-stream/cmd-stream-go/sender/hooks/hooks_circuit_breaker.go:31.2,31.37 1 0
github.com/cmd-stream/cmd-stream-go/sender/hooks/hooks_circuit_breaker.go:37.3,40.2 2 0
github.com/cmd-stream/cmd-stream-go/sender/hooks/hooks_circuit_breaker.go:45.3,48.2 2 0
github.com/cmd-stream/cmd-stream-go/sender/hooks/hooks_circuit_breaker.go:53.3,56.2 2 0
github.com/cmd-stream/cmd-stream-go/sender/hooks/hooks_circuit_breaker.go:70.33,72.2 1 0
github.com/cmd-stream/cmd-stream-go/sender/hooks/hooks_circuit_breaker.go:75.55,77.2 1 0
github.com/cmd-stream/cmd-stream-go/sender/hooks/hooks_noop.go:15.45,17.2 1 0
github.com/cmd-stream/cmd-stream-go/sender/hooks/hooks_noop.go:25.3,27.2 1 0
github.com/cmd-stream/cmd-stream-go/sender/hooks/hooks_noop.go:31.12,32.2 0 0
github.com/cmd-stream/cmd-stream-go/sender/hooks/hooks_noop.go:36.30,37.2 0 0
github.com/cmd-stream/cmd-stream-go/sender/hooks/hooks_noop.go:41.12,42.2 0 0
github.com/cmd-stream/cmd-stream-go/server/codec.go:20.88,22.2 1 0
github.com/cmd-stream/cmd-stream-go/server/codec.go:30.22,31.54 1 0
github.com/cmd-stream/cmd-stream-go/server/codec.go:31.54,33.3 1 0
github.com/cmd-stream/cmd-stream-go/server/codec.go:34.2,34.14 1 0
github.com/cmd-stream/cmd-stream-go/server/codec.go:34.14,36.3 1 0
github.com/cmd-stream/cmd-stream-go/server/codec.go:37.2,40.8 4 0
github.com/cmd-stream/cmd-stream-go/server/codec.go:45.3,46.56 1 0
github.com/cmd-stream/cmd-stream-go/server/codec.go:46.56,48.3 1 0
github.com/cmd-stream/cmd-stream-go/server/codec.go:49.2,49.14 1 0
github.com/cmd-stream/cmd-stream-go/server/codec.go:49.14,52.3 2 0
github.com/cmd-stream/cmd-stream-go/server/codec.go:53.2,56.8 4 0
github.com/cmd-stream/cmd-stream-go/server/invoker.go:17.47,19.2 1 0
github.com/cmd-stream/cmd-stream-go/server/invoker.go:23.26,25.2 1 0
github.com/cmd-stream/cmd-stream-go/server/options.go:25.31,29.2 1 0
github.com/cmd-stream/cmd-stream-go/server/options.go:38.53,39.26 1 0
github.com/cmd-stream/cmd-stream-go/server/options.go:39.26,39.43 1 0
github.com/cmd-stream/cmd-stream-go/server/options.go:43.49,44.26 1 0
github.com/cmd-stream/cmd-stream-go/server/options.go:44.26,44.62 1 0
github.com/cmd-stream/cmd-stream-go/server/options.go:50.53,51.26 1 0
github.com/cmd-stream/cmd-stream-go/server/options.go:51.26,51.70 1 0
github.com/cmd-stream/cmd-stream-go/server/options.go:57.52,58.26 1 0
github.com/cmd-stream/cmd-stream-go/server/options.go:58.26,58.68 1 0
github.com/cmd-stream/cmd-stream-go/server/options.go:64.54,65.26 1 0
github.com/cmd-stream/cmd-stream-go/server/options.go:65.26,65.72 1 0
github.com/cmd-stream/cmd-stream-go/server/options.go:69.43,70.27 1 0
github.com/cmd-stream/cmd-stream-go/server/options.go:70.27,71.17 1 0
github.com/cmd-stream/cmd-stream-go/server/options.go:71.17,73.4 1 0
github.com/cmd-stream/cmd-stream-go/server/transport_factory.go:25.24,27.2 1 0
github.com/cmd-stream/cmd-stream-go/server/transport_factory.go:30.73,32.2 1 0
github.com/cmd-stream/cmd-stream-go/transport/codec_transport.go:23.25,25.2 1 0
github.com/cmd-stream/cmd-stream-go/transport/codec_transport.go:28.54,30.2 1 0
github.com/cmd-stream/cmd-stream-go/transport/codec_transport.go:33.55,35.2 1 0
github.com/cmd-stream/cmd-stream-go/transport/codec_transport.go:38.75,40.2 1 0
github.com/cmd-stream/cmd-stream-go/transport/codec_transport.go:43.76,45.2 1 0
github.com/cmd-stream/cmd-stream-go/transport/codec_transport.go:48.53,50.2 1 0
github.com/cmd-stream/cmd-stream-go/transport/codec_transport.go:53.78,55.2 1 0
github.com/cmd-stream/cmd-stream-go/transport/codec_transport.go:58.81,60.2 1 0
github.com/cmd-stream/cmd-stream-go/transport/codec_transport.go:63.47,65.2 1 0
github.com/cmd-stream/cmd-stream-go/transport/options.go:14.44,15.26 1 1
github.com/cmd-stream/cmd-stream-go/transport/options.go:15.26,15.52 1 0
github.com/cmd-stream/cmd-stream-go/transport/options.go:20.44,21.26 1 0
github.com/cmd-stream/cmd-stream-go/transport/options.go:21.26,21.52 1 0
github.com/cmd-stream/cmd-stream-go/transport/options.go:25.43,26.27 1 0
github.com/cmd-stream/cmd-stream-go/transport/options.go:26.27,27.17 1 0
github.com/cmd-stream/cmd-stream-go/transport/options.go:27.17,29.4 1 0
github.com/cmd-stream/cmd-stream-go/transport/cln/client_codec_transport.go:20.28,28.2 4 0
github.com/cmd-stream/cmd-stream-go/transport/cln/client_codec_transport.go:33.3,36.2 2 0
github.com/cmd-stream/cmd-stream-go/transport/cln/client_codec_transport.go:39.55,41.2 1 0
github.com/cmd-stream/cmd-stream-go/transport/cln/client_codec_transport.go:44.55,46.2 1 0
github.com/cmd-stream/cmd-stream-go/transport/srv/server_codec_transport.go:15.28,23.2 4 0
github.com/cmd-stream/cmd-stream-go/transport/srv/server_codec_transport.go:33.3,35.16 2 0
github.com/cmd-stream/cmd-stream-go/transport/srv/server_codec_transport.go:35.16,37.3 1 0
github.com/cmd-stream/cmd-stream-go/transport/srv/server_codec_transport.go:38.2,38.19 1 0
github.com/cmd-stream/cmd-stream-go/transport/srv/server_codec_transport.go:42.56,44.2 1 0
github.com/cmd-stream/cmd-stream-go/transport/srv/server_codec_transport.go:47.56,49.2 1 0
github.com/cmd-stream/cmd-stream-go/cmdstream.go:27.39,36.16 5 0
github.com/cmd-stream/cmd-stream-go/cmdstream.go:36.16,39.3 2 0
github.com/cmd-stream/cmd-stream-go/cmdstream.go:40.2,40.24 1 0
github.com/cmd-stream/cmd-stream-go/cmdstream.go:40.24,42.3 1 0
github.com/cmd-stream/cmd-stream-go/cmdstream.go:43.2,44.8 2 0
github.com/cmd-stream/cmd-stream-go/cmdstream.go:52.39,61.16 5 0
github.com/cmd-stream/cmd-stream-go/cmdstream.go:61.16,64.3 2 0
github.com/cmd-stream/cmd-stream-go/cmdstream.go:65.2,65.24 1 0
github.com/cmd-stream/cmd-stream-go/cmdstream.go:65.24,67.3 1 0
github.com/cmd-stream/cmd-stream-go/cmdstream.go:68.2,69.8 2 0
github.com/cmd-stream/cmd-stream-go/cmdstream.go:77.36,79.2 1 0
github.com/cmd-stream/cmd-stream-go/cmdstream.go:86.36,95.16 5 0
github.com/cmd-stream/cmd-stream-go/cmdstream.go:95.16,98.3 2 0
github.com/cmd-stream/cmd-stream-go/cmdstream.go:99.2,99.38 1 0
github.com/cmd-stream/cmd-stream-go/cmdstream.go:107.35,108.23 1 0
github.com/cmd-stream/cmd-stream-go/cmdstream.go:108.23,111.3 2 0
github.com/cmd-stream/cmd-stream-go/cmdstream.go:112.2,113.46 2 0
github.com/cmd-stream/cmd-stream-go/cmdstream.go:113.46,115.3 1 0
github.com/cmd-stream/cmd-stream-go/cmdstream.go:117.2,118.17 2 0
github.com/cmd-stream/cmd-stream-go/cmdstream.go:118.17,121.3 1 0
github.com/cmd-stream/cmd-stream-go/cmdstream.go:121.8,123.3 1 0
github.com/cmd-stream/cmd-stream-go/cmdstream.go:124.2,124.16 1 0
github.com/cmd-stream/cmd-stream-go/cmdstream.go:124.16,125.34 1 0
github.com/cmd-stream/cmd-stream-go/cmdstream.go:125.34,127.4 1 0
github.com/cmd-stream/cmd-stream-go/cmdstream.go:128.3,129.9 2 0
github.com/cmd-stream/cmd-stream-go/cmdstream.go:131.2,133.8 3 0
github.com/cmd-stream/cmd-stream-go/cmdstream.go:141.38,144.51 3 0
github.com/cmd-stream/cmd-stream-go/cmdstream.go:144.51,146.3 1 0
github.com/cmd-stream/cmd-stream-go/cmdstream.go:147.2,147.24 1 0
github.com/cmd-stream/cmd-stream-go/cmdstream.go:147.24,148.42 1 0
github.com/cmd-stream/cmd-stream-go/cmdstream.go:148.42,150.4 1 0
github.com/cmd-stream/cmd-stream-go/cmdstream.go:151.8,152.42 1 0
github.com/cmd-stream/cmd-stream-go/cmdstream.go:152.42,154.4 1 0
github.com/cmd-stream/cmd-stream-go/cmdstream.go:156.2,157.16 2 0
github.com/cmd-stream/cmd-stream-go/cmdstream.go:157.16,159.3 1 0
github.com/cmd-stream/cmd-stream-go/cmdstream.go:160.2,161.8 2 0
github.com/cmd-stream/cmd-stream-go/cmdstream.go:166.40,169.18 3 0
github.com/cmd-stream/cmd-stream-go/cmdstream.go:169.18,171.17 2 0
github.com/cmd-stream/cmd-stream-go/cmdstream.go:171.17,173.4 1 0
github.com/cmd-stream/cmd-stream-go/cmdstream.go:174.3,176.17 3 0
github.com/cmd-stream/cmd-stream-go/cmdstream.go:176.17,178.4 1 0
github.com/cmd-stream/cmd-stream-go/cmdstream.go:179.3,179.31 1 0
github.com/cmd-stream/cmd-stream-go/cmdstream.go:181.2,181.8 1 0
github.com/cmd-stream/cmd-stream-go/cmdstream.go:186.35,188.18 2 0
github.com/cmd-stream/cmd-stream-go/cmdstream.go:188.18,191.17 3 0
github.com/cmd-stream/cmd-stream-go/cmdstream.go:191.17,193.4 1 0
github.com/cmd-stream/cmd-stream-go/cmdstream.go:194.3,194.21 1 0
github.com/cmd-stream/cmd-stream-go/cmdstream.go:196.2,196.8 1 0
github.com/cmd-stream/cmd-stream-go/client/codec.go:18.88,19.24 1 0
github.com/cmd-stream/cmd-stream-go/client/codec.go:19.24,21.3 1 0
github.com/cmd-stream/cmd-stream-go/client/codec.go:22.2,22.31 1 0
github.com/cmd-stream/cmd-stream-go/client/codec.go:31.22,32.54 1 0
github.com/cmd-stream/cmd-stream-go/client/codec.go:32.54,34.3 1 0
github.com/cmd-stream/cmd-stream-go/client/codec.go:35.2,38.8 4 0
github.com/cmd-stream/cmd-stream-go/client/codec.go:43.3,44.56 1 0
github.com/cmd-stream/cmd-stream-go/client/codec.go:44.56,46.3 1 0
github.com/cmd-stream/cmd-stream-go/client/codec.go:47.2,50.8 4 0
github.com/cmd-stream/cmd-stream-go/client/conn_factory.go:14.48,16.2 1 0
github.com/cmd-stream/cmd-stream-go/client/keepalive_codec.go:15.22,16.54 1 0
github.com/cmd-stream/cmd-stream-go/client/keepalive_codec.go:16.54,18.3 1 0
github.com/cmd-stream/cmd-stream-go/client/keepalive_codec.go:19.2,19.14 1 0
github.com/cmd-stream/cmd-stream-go/client/keepalive_codec.go:19.14,21.3 1 0
github.com/cmd-stream/cmd-stream-go/client/keepalive_codec.go:22.2,25.8 4 0
github.com/cmd-stream/cmd-stream-go/client/keepalive_codec.go:30.3,31.56 1 0
github.com/cmd-stream/cmd-stream-go/client/keepalive_codec.go:31.56,33.3 1 0
github.com/cmd-stream/cmd-stream-go/client/keepalive_codec.go:34.2,34.14 1 0
github.com/cmd-stream/cmd-stream-go/client/keepalive_codec.go:34.14,37.3 2 0
github.com/cmd-stream/cmd-stream-go/client/keepalive_codec.go:38.2,41.8 4 0
github.com/cmd-stream/cmd-stream-go/client/options.go:24.31,28.2 1 0
github.com/cmd-stream/cmd-stream-go/client/options.go:37.53,38.26 1 0
github.com/cmd-stream/cmd-stream-go/client/options.go:38.26,38.43 1 0
github.com/cmd-stream/cmd-stream-go/client/options.go:42.48,43.26 1 0
github.com/cmd-stream/cmd-stream-go/client/options.go:43.26,43.42 1 0
github.com/cmd-stream/cmd-stream-go/client/options.go:49.53,50.26 1 0
github.com/cmd-stream/cmd-stream-go/client/options.go:50.26,50.47 1 0
github.com/cmd-stream/cmd-stream-go/client/options.go:56.52,57.26 1 0
github.com/cmd-stream/cmd-stream-go/client/options.go:57.26,57.46 1 0
github.com/cmd-stream/cmd-stream-go/client/options.go:64.62,65.26 1 0
github.com/cmd-stream/cmd-stream-go/client/options.go:65.26,65.47 1 0
github.com/cmd-stream/cmd-stream-go/client/options.go:69.43,70.27 1 0
github.com/cmd-stream/cmd-stream-go/client/options.go:70.27,71.17 1 0
github.com/cmd-stream/cmd-stream-go/client/options.go:71.17,73.4 1 0
github.com/cmd-stream/cmd-stream-go/client/transport_factory.go:23.24,29.2 1 0
github.com/cmd-stream/cmd-stream-go/client/transport_factory.go:36.3,38.16 2 0
github.com/cmd-stream/cmd-stream-go/client/transport_factory.go:38.16,40.3 1 0
github.com/cmd-stream/cmd-stream-go/client/transport_factory.go:41.2,42.8 2 0
github.com/cmd-stream/cmd-stream-go/core/errs.go:8.34,10.2 1 0
github.com/cmd-stream/cmd-stream-go/core/proxy.go:51.67,53.2 1 0
github.com/cmd-stream/cmd-stream-go/core/proxy.go:55.69,59.2 3 0
github.com/cmd-stream/cmd-stream-go/core/proxy.go:61.42,63.2 1 0
github.com/cmd-stream/cmd-stream-go/core/proxy.go:65.55,67.2 1 0
github.com/cmd-stream/cmd-stream-go/core/cln/client.go:59.80,78.15 5 0
github.com/cmd-stream/cmd-stream-go/core/cln/client.go:78.15,79.15 1 0
github.com/cmd-stream/cmd-stream-go/core/cln/client.go:79.15,81.4 1 0
github.com/cmd-stream/cmd-stream-go/core/cln/client.go:83.2,83.71 1 0
github.com/cmd-stream/cmd-stream-go/core/cln/client.go:83.71,85.3 1 0
github.com/cmd-stream/cmd-stream-go/core/cln/client.go:86.2,88.15 3 0
github.com/cmd-stream/cmd-stream-go/core/cln/client.go:106.3,107.22 1 0
github.com/cmd-stream/cmd-stream-go/core/cln/client.go:107.22,110.3 2 0
github.com/cmd-stream/cmd-stream-go/core/cln/client.go:111.2,118.16 7 0
github.com/cmd-stream/cmd-stream-go/core/cln/client.go:118.16,123.3 4 0
github.com/cmd-stream/cmd-stream-go/core/cln/client.go:124.2,126.42 2 0
github.com/cmd-stream/cmd-stream-go/core/cln/client.go:126.42,128.3 1 0
github.com/cmd-stream/cmd-stream-go/core/cln/client.go:129.2,129.8 1 0
github.com/cmd-stream/cmd-stream-go/core/cln/client.go:133.40,136.2 2 0
github.com/cmd-stream/cmd-stream-go/core/cln/client.go:146.36,147.22 1 0
github.com/cmd-stream/cmd-stream-go/core/cln/client.go:147.22,150.3 2 0
github.com/cmd-stream/cmd-stream-go/core/cln/client.go:152.2,159.16 7 0
github.com/cmd-stream/cmd-stream-go/core/cln/client.go:159.16,164.3 4 0
github.com/cmd-stream/cmd-stream-go/core/cln/client.go:166.2,167.16 2 0
github.com/cmd-stream/cmd-stream-go/core/cln/client.go:167.16,172.3 4 0
github.com/cmd-stream/cmd-stream-go/core/cln/client.go:173.2,175.42 2 0
github.com/cmd-stream/cmd-stream-go/core/cln/client.go:175.42,177.3 1 0
github.com/cmd-stream/cmd-stream-go/core/cln/client.go:178.2,178.8 1 0
github.com/cmd-stream/cmd-stream-go/core/cln/client.go:183.44,186.2 2 0
github.com/cmd-stream/cmd-stream-go/core/cln/client.go:193.42,195.2 1 0
github.com/cmd-stream/cmd-stream-go/core/cln/client.go:198.44,200.2 1 0
github.com/cmd-stream/cmd-stream-go/core/cln/client.go:203.41,205.2 1 0
github.com/cmd-stream/cmd-stream-go/core/cln/client.go:211.41,212.26 1 0
github.com/cmd-stream/cmd-stream-go/core/cln/client.go:212.26,214.3 1 0
github.com/cmd-stream/cmd-stream-go/core/cln/client.go:215.2,217.16 3 0
github.com/cmd-stream/cmd-stream-go/core/cln/client.go:217.16,219.3 1 0
github.com/cmd-stream/cmd-stream-go/core/cln/client.go:220.2,220.8 1 0
github.com/cmd-stream/cmd-stream-go/core/cln/client.go:223.62,224.15 1 0
github.com/cmd-stream/cmd-stream-go/core/cln/client.go:224.15,226.3 1 0
github.com/cmd-stream/cmd-stream-go/core/cln/client.go:227.2,234.6 2 0
github.com/cmd-stream/cmd-stream-go/core/cln/client.go:234.6,236.17 2 0
github.com/cmd-stream/cmd-stream-go/core/cln/client.go:236.17,238.4 1 0
github.com/cmd-stream/cmd-stream-go/core/cln/client.go:239.3,239.23 1 0
github.com/cmd-stream/cmd-stream-go/core/cln/client.go:239.23,241.4 1 0
github.com/cmd-stream/cmd-stream-go/core/cln/client.go:241.9,243.4 1 0
github.com/cmd-stream/cmd-stream-go/core/cln/client.go:244.3,244.11 1 0
github.com/cmd-stream/cmd-stream-go/core/cln/client.go:244.11,245.49 1 0
github.com/cmd-stream/cmd-stream-go/core/cln/client.go:245.49,247.5 1 0
github.com/cmd-stream/cmd-stream-go/core/cln/client.go:248.4,248.12 1 0
github.com/cmd-stream/cmd-stream-go/core/cln/client.go:250.3,250.10 1 0
github.com/cmd-stream/cmd-stream-go/core/cln/client.go:251.21,252.27 1 0
github.com/cmd-stream/cmd-stream-go/core/cln/client.go:253.76,254.12 1 0
github.com/cmd-stream/cmd-stream-go/core/cln/client.go:259.70,260.70 1 0
github.com/cmd-stream/cmd-stream-go/core/cln/client.go:260.70,262.17 2 0
github.com/cmd-stream/cmd-stream-go/core/cln/client.go:262.17,265.4 2 0
github.com/cmd-stream/cmd-stream-go/core/cln/client.go:266.3,266.9 1 0
github.com/cmd-stream/cmd-stream-go/core/cln/client.go:268.2,270.16 3 0
github.com/cmd-stream/cmd-stream-go/core/cln/client.go:270.16,272.3 1 0
github.com/cmd-stream/cmd-stream-go/core/cln/client.go:272.8,274.3 1 0
github.com/cmd-stream/cmd-stream-go/core/cln/client.go:275.2,277.16 3 0
github.com/cmd-stream/cmd-stream-go/core/cln/client.go:277.16,279.3 1 0
github.com/cmd-stream/cmd-stream-go/core/cln/client.go:280.2,280.8 1 0
github.com/cmd-stream/cmd-stream-go/core/cln/client.go:283.33,286.2 2 0
github.com/cmd-stream/cmd-stream-go/core/cln/client.go:288.39,289.25 1 0
github.com/cmd-stream/cmd-stream-go/core/cln/client.go:289.25,291.3 1 0
github.com/cmd-stream/cmd-stream-go/core/cln/client.go:292.2,294.15 3 0
github.com/cmd-stream/cmd-stream-go/core/cln/client.go:297.49,298.22 1 0
github.com/cmd-stream/cmd-stream-go/core/cln/client.go:298.22,300.3 1 0
github.com/cmd-stream/cmd-stream-go/core/cln/client.go:301.2,301.12 1 0
github.com/cmd-stream/cmd-stream-go/core/cln/client.go:304.61,305.1 1 0
github.com/cmd-stream/cmd-stream-go/core/cln/client.go:306.2,307.16 2 0
github.com/cmd-stream/cmd-stream-go/core/cln/client.go:307.16,309.52 2 0
github.com/cmd-stream/cmd-stream-go/core/cln/client.go:309.52,310.75 1 0
github.com/cmd-stream/cmd-stream-go/core/cln/client.go:310.75,311.56 1 0
github.com/cmd-stream/cmd-stream-go/core/cln/client.go:311.56,312.16 1 0
github.com/cmd-stream/cmd-stream-go/core/cln/client.go:317.2,317.18 1 0
github.com/cmd-stream/cmd-stream-go/core/cln/client.go:322.3,323.6 1 0
github.com/cmd-stream/cmd-stream-go/core/cln/client.go:323.6,324.50 1 0
github.com/cmd-stream/cmd-stream-go/core/cln/client.go:324.50,326.4 1 0
github.com/cmd-stream/cmd-stream-go/core/cln/client.go:327.3,327.55 1 0
github.com/cmd-stream/cmd-stream-go/core/cln/client.go:327.55,329.12 2 0
github.com/cmd-stream/cmd-stream-go/core/cln/client.go:331.3,331.20 1 0
github.com/cmd-stream/cmd-stream-go/core/cln/errs.go:14.40,16.2 1 0
github.com/cmd-stream/cmd-stream-go/core/cln/options.go:12.80,13.26 1 0
github.com/cmd-stream/cmd-stream-go/core/cln/options.go:13.26,13.67 1 0
github.com/cmd-stream/cmd-stream-go/core/cln/options.go:17.43,18.27 1 0
github.com/cmd-stream/cmd-stream-go/core/cln/options.go:18.27,19.17 1 0
github.com/cmd-stream/cmd-stream-go/core/cln/options.go:19.17,21.4 1 0
github.com/cmd-stream/cmd-stream-go/core/cln/state.go:19.42,24.2 4 0
github.com/cmd-stream/cmd-stream-go/core/cln/state.go:26.39,28.19 2 0
github.com/cmd-stream/cmd-stream-go/core/cln/state.go:28.19,31.3 2 0
github.com/cmd-stream/cmd-stream-go/core/cln/state.go:32.2,34.13 3 0
github.com/cmd-stream/cmd-stream-go/core/cln/state.go:44.73,48.2 3 0
github.com/cmd-stream/cmd-stream-go/core/cln/state.go:50.43,54.2 3 0
github.com/cmd-stream/cmd-stream-go/core/cln/state.go:56.84,61.2 4 0
github.com/cmd-stream/cmd-stream-go/core/cln/state.go:63.84,66.9 3 0
github.com/cmd-stream/cmd-stream-go/core/cln/state.go:66.9,68.3 1 0
github.com/cmd-stream/cmd-stream-go/core/cln/state.go:69.2,70.8 2 0
github.com/cmd-stream/cmd-stream-go/core/cln/state.go:73.93,75.32 2 0
github.com/cmd-stream/cmd-stream-go/core/cln/state.go:75.32,78.3 2 0
github.com/cmd-stream/cmd-stream-go/core/cln/state.go:79.2,79.12 1 0
github.com/cmd-stream/cmd-stream-go/core/cln/state.go:82.43,83.71 1 0
github.com/cmd-stream/cmd-stream-go/core/cln/state.go:83.71,84.10 1 0
github.com/cmd-stream/cmd-stream-go/core/cln/state.go:85.60,85.60 0 0
github.com/cmd-stream/cmd-stream-go/core/cln/state.go:86.11,86.11 0 0
github.com/cmd-stream/cmd-stream-go/core/cln/state.go:98.34,102.2 3 0
github.com/cmd-stream/cmd-stream-go/core/cln/state.go:104.39,109.2 4 0
github.com/cmd-stream/cmd-stream-go/core/srv/conn_receiver.go:21.17,31.2 3 14
github.com/cmd-stream/cmd-stream-go/core/srv/conn_receiver.go:49.42,50.15 1 14
github.com/cmd-stream/cmd-stream-go/core/srv/conn_receiver.go:50.15,53.3 2 14
github.com/cmd-stream/cmd-stream-go/core/srv/conn_receiver.go:54.2,55.16 2 14
github.com/cmd-stream/cmd-stream-go/core/srv/conn_receiver.go:55.16,57.3 1 9
github.com/cmd-stream/cmd-stream-go/core/srv/conn_receiver.go:58.2,58.24 1 5
github.com/cmd-stream/cmd-stream-go/core/srv/conn_receiver.go:63.47,65.2 1 5
github.com/cmd-stream/cmd-stream-go/core/srv/conn_receiver.go:68.43,70.2 1 7
github.com/cmd-stream/cmd-stream-go/core/srv/conn_receiver.go:72.54,73.37 1 14
github.com/cmd-stream/cmd-stream-go/core/srv/conn_receiver.go:73.37,74.16 1 3
github.com/cmd-stream/cmd-stream-go/core/srv/conn_receiver.go:74.16,75.18 1 3
github.com/cmd-stream/cmd-stream-go/core/srv/conn_receiver.go:75.18,77.5 1 2
github.com/cmd-stream/cmd-stream-go/core/srv/conn_receiver.go:79.3,81.17 3 3
github.com/cmd-stream/cmd-stream-go/core/srv/conn_receiver.go:81.17,83.4 1 1
github.com/cmd-stream/cmd-stream-go/core/srv/conn_receiver.go:85.2,86.16 2 13
github.com/cmd-stream/cmd-stream-go/core/srv/conn_receiver.go:86.16,88.3 1 5
github.com/cmd-stream/cmd-stream-go/core/srv/conn_receiver.go:89.2,89.26 1 8
github.com/cmd-stream/cmd-stream-go/core/srv/conn_receiver.go:92.50,94.6 2 5
github.com/cmd-stream/cmd-stream-go/core/srv/conn_receiver.go:94.6,96.17 2 9
github.com/cmd-stream/cmd-stream-go/core/srv/conn_receiver.go:96.17,98.4 1 5
github.com/cmd-stream/cmd-stream-go/core/srv/conn_receiver.go:99.3,100.17 2 4
github.com/cmd-stream/cmd-stream-go/core/srv/conn_receiver.go:100.17,102.4 1 0
github.com/cmd-stream/cmd-stream-go/core/srv/conn_receiver.go:106.55,107.9 1 12
github.com/cmd-stream/cmd-stream-go/core/srv/conn_receiver.go:108.19,110.19 2 2
github.com/cmd-stream/cmd-stream-go/core/srv/conn_receiver.go:111.23,112.13 1 10
github.com/cmd-stream/cmd-stream-go/core/srv/conn_receiver.go:116.57,120.27 3 12
github.com/cmd-stream/cmd-stream-go/core/srv/conn_receiver.go:120.27,121.43 1 10
github.com/cmd-stream/cmd-stream-go/core/srv/conn_receiver.go:121.43,123.4 1 0
github.com/cmd-stream/cmd-stream-go/core/srv/conn_receiver.go:124.3,125.19 2 10
github.com/cmd-stream/cmd-stream-go/core/srv/conn_receiver.go:127.2,127.8 1 12
github.com/cmd-stream/cmd-stream-go/core/srv/conn_receiver.go:130.52,134.17 3 14
github.com/cmd-stream/cmd-stream-go/core/srv/conn_receiver.go:135.18,136.13 1 4
github.com/cmd-stream/cmd-stream-go/core/srv/conn_receiver.go:137.16,138.13 1 5
github.com/cmd-stream/cmd-stream-go/core/srv/conn_receiver.go:139.14,140.19 1 5
github.com/cmd-stream/cmd-stream-go/core/srv/conn_receiver.go:141.10,142.78 1 0
github.com/cmd-stream/cmd-stream-go/core/srv/conn_receiver.go:146.34,151.25 4 14
github.com/cmd-stream/cmd-stream-go/core/srv/conn_receiver.go:151.25,153.3 1 5
github.com/cmd-stream/cmd-stream-go/core/srv/conn_receiver.go:154.2,154.28 1 9
github.com/cmd-stream/cmd-stream-go/core/srv/conn_receiver.go:154.28,156.3 1 1
github.com/cmd-stream/cmd-stream-go/core/srv/conn_receiver_options.go:14.66,15.38 1 4
github.com/cmd-stream/cmd-stream-go/core/srv/conn_receiver_options.go:15.38,15.64 1 4
github.com/cmd-stream/cmd-stream-go/core/srv/conn_receiver_options.go:19.79,20.27 1 15
github.com/cmd-stream/cmd-stream-go/core/srv/conn_receiver_options.go:20.27,21.17 1 4
github.com/cmd-stream/cmd-stream-go/core/srv/conn_receiver_options.go:21.17,23.4 1 4
github.com/cmd-stream/cmd-stream-go/core/srv/errs.go:24.38,26.2 1 25
github.com/cmd-stream/cmd-stream-go/core/srv/options.go:19.31,23.2 1 11
github.com/cmd-stream/cmd-stream-go/core/srv/options.go:26.35,27.25 1 12
github.com/cmd-stream/cmd-stream-go/core/srv/options.go:27.25,29.3 1 3
github.com/cmd-stream/cmd-stream-go/core/srv/options.go:30.2,30.12 1 9
github.com/cmd-stream/cmd-stream-go/core/srv/options.go:37.44,38.26 1 8
github.com/cmd-stream/cmd-stream-go/core/srv/options.go:38.26,38.52 1 8
github.com/cmd-stream/cmd-stream-go/core/srv/options.go:43.64,44.26 1 1
github.com/cmd-stream/cmd-stream-go/core/srv/options.go:44.26,44.59 1 1
github.com/cmd-stream/cmd-stream-go/core/srv/options.go:48.63,49.26 1 1
github.com/cmd-stream/cmd-stream-go/core/srv/options.go:49.26,49.50 1 1
github.com/cmd-stream/cmd-stream-go/core/srv/options.go:53.48,54.26 1 1
github.com/cmd-stream/cmd-stream-go/core/srv/options.go:54.26,54.48 1 1
github.com/cmd-stream/cmd-stream-go/core/srv/options.go:58.43,59.27 1 11
github.com/cmd-stream/cmd-stream-go/core/srv/options.go:59.27,60.17 1 12
github.com/cmd-stream/cmd-stream-go/core/srv/options.go:60.17,62.4 1 11
github.com/cmd-stream/cmd-stream-go/core/srv/server.go:33.82,35.2 1 10
github.com/cmd-stream/cmd-stream-go/core/srv/server.go:40.3,43.36 3 10
github.com/cmd-stream/cmd-stream-go/core/srv/server.go:43.36,46.3 2 2
github.com/cmd-stream/cmd-stream-go/core/srv/server.go:47.2,51.8 1 8
github.com/cmd-stream/cmd-stream-go/core/srv/server.go:56.58,58.16 2 1
github.com/cmd-stream/cmd-stream-go/core/srv/server.go:58.16,61.3 2 1
github.com/cmd-stream/cmd-stream-go/core/srv/server.go:62.2,62.26 1 0
github.com/cmd-stream/cmd-stream-go/core/srv/server.go:74.60,81.32 4 5
github.com/cmd-stream/cmd-stream-go/core/srv/server.go:81.32,83.3 1 3
github.com/cmd-stream/cmd-stream-go/core/srv/server.go:84.2,84.26 1 2
github.com/cmd-stream/cmd-stream-go/core/srv/server.go:90.41,91.18 1 4
github.com/cmd-stream/cmd-stream-go/core/srv/server.go:91.18,93.3 1 1
github.com/cmd-stream/cmd-stream-go/core/srv/server.go:94.2,94.45 1 3
github.com/cmd-stream/cmd-stream-go/core/srv/server.go:94.45,96.3 1 0
github.com/cmd-stream/cmd-stream-go/core/srv/server.go:97.2,97.8 1 3
github.com/cmd-stream/cmd-stream-go/core/srv/server.go:103.38,104.18 1 3
github.com/cmd-stream/cmd-stream-go/core/srv/server.go:104.18,106.3 1 1
github.com/cmd-stream/cmd-stream-go/core/srv/server.go:107.2,107.41 1 2
github.com/cmd-stream/cmd-stream-go/core/srv/server.go:107.41,109.3 1 0
github.com/cmd-stream/cmd-stream-go/core/srv/server.go:110.2,110.8 1 2
github.com/cmd-stream/cmd-stream-go/core/srv/server.go:113.75,117.2 3 5
github.com/cmd-stream/cmd-stream-go/core/srv/server.go:121.3,128.2 5 5
github.com/cmd-stream/cmd-stream-go/core/srv/server.go:130.46,132.9 2 2
github.com/cmd-stream/cmd-stream-go/core/srv/server.go:132.9,134.3 1 0
github.com/cmd-stream/cmd-stream-go/core/srv/server.go:135.2,136.56 2 2
github.com/cmd-stream/cmd-stream-go/core/srv/server.go:136.56,138.3 1 2
github.com/cmd-stream/cmd-stream-go/core/srv/server.go:139.2,139.33 1 0
github.com/cmd-stream/cmd-stream-go/core/srv/server.go:142.33,146.2 3 7
github.com/cmd-stream/cmd-stream-go/core/srv/server.go:150.3,152.16 2 1
github.com/cmd-stream/cmd-stream-go/core/srv/server.go:152.16,154.3 1 1
github.com/cmd-stream/cmd-stream-go/core/srv/server.go:155.2,156.24 2 0
github.com/cmd-stream/cmd-stream-go/core/srv/server.go:156.24,158.3 1 0
github.com/cmd-stream/cmd-stream-go/core/srv/server.go:159.2,159.8 1 0
github.com/cmd-stream/cmd-stream-go/core/srv/server.go:167.58,169.2 1 0
github.com/cmd-stream/cmd-stream-go/core/srv/worker.go:36.11,46.15 3 23
github.com/cmd-stream/cmd-stream-go/core/srv/worker.go:46.15,47.15 1 23
github.com/cmd-stream/cmd-stream-go/core/srv/worker.go:47.15,49.4 1 0
github.com/cmd-stream/cmd-stream-go/core/srv/worker.go:51.2,52.15 2 23
github.com/cmd-stream/cmd-stream-go/core/srv/worker.go:57.36,62.6 2 23
github.com/cmd-stream/cmd-stream-go/core/srv/worker.go:62.6,63.10 1 32
github.com/cmd-stream/cmd-stream-go/core/srv/worker.go:64.23,65.20 1 1
github.com/cmd-stream/cmd-stream-go/core/srv/worker.go:66.31,69.13 1 31
github.com/cmd-stream/cmd-stream-go/core/srv/worker.go:69.13,71.5 1 22
github.com/cmd-stream/cmd-stream-go/core/srv/worker.go:72.4,73.18 2 9
github.com/cmd-stream/cmd-stream-go/core/srv/worker.go:73.18,74.32 1 2
github.com/cmd-stream/cmd-stream-go/core/srv/worker.go:74.32,76.6 1 0
github.com/cmd-stream/cmd-stream-go/core/srv/worker.go:77.5,77.26 1 2
github.com/cmd-stream/cmd-stream-go/core/srv/worker.go:77.26,79.6 1 2
github.com/cmd-stream/cmd-stream-go/core/srv/worker.go:80.5,80.25 1 2
github.com/cmd-stream/cmd-stream-go/core/srv/worker.go:80.25,82.6 1 0
github.com/cmd-stream/cmd-stream-go/core/srv/worker.go:89.37,92.2 2 10
github.com/cmd-stream/cmd-stream-go/core/srv/worker.go:98.30,100.28 2 5
github.com/cmd-stream/cmd-stream-go/core/srv/worker.go:100.28,102.3 1 19
github.com/cmd-stream/cmd-stream-go/core/srv/worker.go:103.2,103.8 1 5
github.com/cmd-stream/cmd-stream-go/delegate/ping-pong.go:14.80,17.2 2 0
github.com/cmd-stream/cmd-stream-go/delegate/ping-pong.go:23.36,25.2 1 0
github.com/cmd-stream/cmd-stream-go/delegate/server_info.go:24.49,28.23 1 1
github.com/cmd-stream/cmd-stream-go/delegate/server_info.go:28.23,29.40 1 0
github.com/cmd-stream/cmd-stream-go/delegate/server_info.go:29.40,31.7 1 0
github.com/cmd-stream/cmd-stream-go/delegate/server_info.go:32.6,32.16 1 0
github.com/cmd-stream/cmd-stream-go/delegate/server_info.go:46.3,48.2 1 0
github.com/cmd-stream/cmd-stream-go/delegate/server_info.go:53.3,55.2 1 0
github.com/cmd-stream/cmd-stream-go/delegate/server_info.go:58.62,60.2 1 0
github.com/cmd-stream/cmd-stream-go/delegate/server_info.go:63.67,65.2 1 0
github.com/cmd-stream/cmd-stream-go/delegate/cln/client_info_delegate.go:25.3,29.16 4 0
github.com/cmd-stream/cmd-stream-go/delegate/cln/client_info_delegate.go:29.16,31.3 1 0
github.com/cmd-stream/cmd-stream-go/delegate/cln/client_info_delegate.go:32.2,35.8 1 0
github.com/cmd-stream/cmd-stream-go/delegate/cln/client_info_delegate.go:40.89,43.2 2 0
github.com/cmd-stream/cmd-stream-go/delegate/cln/client_info_delegate.go:46.50,48.2 1 0
github.com/cmd-stream/cmd-stream-go/delegate/cln/client_info_delegate.go:51.53,53.2 1 0
github.com/cmd-stream/cmd-stream-go/delegate/cln/client_info_delegate.go:56.54,58.2 1 0
github.com/cmd-stream/cmd-stream-go/delegate/cln/client_info_delegate.go:61.74,63.2 1 0
github.com/cmd-stream/cmd-stream-go/delegate/cln/client_info_delegate.go:66.87,68.2 1 0
github.com/cmd-stream/cmd-stream-go/delegate/cln/client_info_delegate.go:71.46,73.2 1 0
github.com/cmd-stream/cmd-stream-go/delegate/cln/client_info_delegate.go:76.77,78.2 1 0
github.com/cmd-stream/cmd-stream-go/delegate/cln/client_info_delegate.go:81.95,83.2 1 0
github.com/cmd-stream/cmd-stream-go/delegate/cln/client_info_delegate.go:86.46,88.2 1 0
github.com/cmd-stream/cmd-stream-go/delegate/cln/client_info_delegate.go:93.15,95.16 2 0
github.com/cmd-stream/cmd-stream-go/delegate/cln/client_info_delegate.go:95.16,97.3 1 0
github.com/cmd-stream/cmd-stream-go/delegate/cln/client_info_delegate.go:98.2,99.16 2 0
github.com/cmd-stream/cmd-stream-go/delegate/cln/client_info_delegate.go:99.16,101.3 1 0
github.com/cmd-stream/cmd-stream-go/delegate/cln/client_info_delegate.go:102.2,102.34 1 0
github.com/cmd-stream/cmd-stream-go/delegate/cln/client_info_delegate.go:102.34,104.3 1 0
github.com/cmd-stream/cmd-stream-go/delegate/cln/client_info_delegate.go:105.2,105.50 1 0
github.com/cmd-stream/cmd-stream-go/delegate/cln/client_info_delegate.go:108.64,109.19 1 0
github.com/cmd-stream/cmd-stream-go/delegate/cln/client_info_delegate.go:109.19,111.3 1 0
github.com/cmd-stream/cmd-stream-go/delegate/cln/client_info_delegate.go:112.2,112.8 1 0
github.com/cmd-stream/cmd-stream-go/delegate/cln/keepalive.go:29.25,38.2 3 0
github.com/cmd-stream/cmd-stream-go/delegate/cln/keepalive.go:43.3,44.6 1 0
github.com/cmd-stream/cmd-stream-go/delegate/cln/keepalive.go:44.6,46.17 2 0
github.com/cmd-stream/cmd-stream-go/delegate/cln/keepalive.go:46.17,48.4 1 0
github.com/cmd-stream/cmd-stream-go/delegate/cln/keepalive.go:49.3,49.45 1 0
github.com/cmd-stream/cmd-stream-go/delegate/cln/keepalive.go:49.45,51.4 1 0
github.com/cmd-stream/cmd-stream-go/delegate/cln/keepalive.go:56.52,57.48 1 0
github.com/cmd-stream/cmd-stream-go/delegate/cln/keepalive.go:57.48,59.3 1 0
github.com/cmd-stream/cmd-stream-go/delegate/cln/keepalive.go:60.2,60.9 1 0
github.com/cmd-stream/cmd-stream-go/delegate/cln/keepalive.go:61.29,61.29 0 0
github.com/cmd-stream/cmd-stream-go/delegate/cln/keepalive.go:62.10,62.10 0 0
github.com/cmd-stream/cmd-stream-go/delegate/cln/keepalive.go:64.2,64.8 1 0
github.com/cmd-stream/cmd-stream-go/delegate/cln/keepalive.go:68.60,70.2 1 0
github.com/cmd-stream/cmd-stream-go/delegate/cln/keepalive.go:72.64,74.2 1 0
github.com/cmd-stream/cmd-stream-go/delegate/cln/keepalive.go:77.52,81.43 3 0
github.com/cmd-stream/cmd-stream-go/delegate/cln/keepalive.go:81.43,83.3 1 0
github.com/cmd-stream/cmd-stream-go/delegate/cln/keepalive.go:84.2,84.48 1 0
github.com/cmd-stream/cmd-stream-go/delegate/cln/keepalive.go:84.48,86.3 1 0
github.com/cmd-stream/cmd-stream-go/delegate/cln/keepalive.go:87.2,89.8 3 0
github.com/cmd-stream/cmd-stream-go/delegate/cln/keepalive.go:92.66,94.6 2 0
github.com/cmd-stream/cmd-stream-go/delegate/cln/keepalive.go:94.6,95.10 1 0
github.com/cmd-stream/cmd-stream-go/delegate/cln/keepalive.go:96.17,97.10 1 0
github.com/cmd-stream/cmd-stream-go/delegate/cln/keepalive.go:98.18,100.41 2 0
github.com/cmd-stream/cmd-stream-go/delegate/cln/keepalive.go:101.18,102.21 1 0
github.com/cmd-stream/cmd-stream-go/delegate/cln/keepalive.go:102.21,104.5 1 0
github.com/cmd-stream/cmd-stream-go/delegate/cln/keepalive.go:105.4,105.40 1 0
github.com/cmd-stream/cmd-stream-go/delegate/cln/keepalive.go:112.3,114.83 2 0
github.com/cmd-stream/cmd-stream-go/delegate/cln/keepalive.go:114.83,117.3 2 0
github.com/cmd-stream/cmd-stream-go/delegate/cln/keepalive.go:118.2,119.16 2 0
github.com/cmd-stream/cmd-stream-go/delegate/cln/keepalive.go:119.16,122.3 2 0
github.com/cmd-stream/cmd-stream-go/delegate/cln/keepalive.go:123.2,125.15 3 0
github.com/cmd-stream/cmd-stream-go/delegate/cln/options.go:22.63,23.26 1 0
github.com/cmd-stream/cmd-stream-go/delegate/cln/options.go:23.26,23.61 1 0
github.com/cmd-stream/cmd-stream-go/delegate/cln/options.go:27.43,28.27 1 0
github.com/cmd-stream/cmd-stream-go/delegate/cln/options.go:28.27,29.17 1 0
github.com/cmd-stream/cmd-stream-go/delegate/cln/options.go:29.17,31.4 1 0
github.com/cmd-stream/cmd-stream-go/delegate/cln/options.go:42.49,47.2 1 0
github.com/cmd-stream/cmd-stream-go/delegate/cln/options.go:54.60,55.35 1 0
github.com/cmd-stream/cmd-stream-go/delegate/cln/options.go:55.35,55.58 1 0
github.com/cmd-stream/cmd-stream-go/delegate/cln/options.go:60.61,61.35 1 0
[...]
github.com/cmd-stream/cmd-stream-go/delegate/cln/options.go:66.27,67.17 1 14
github.com/cmd-stream/cmd-stream-go/delegate/cln/options.go:67.17,69.4 1 14
github.com/cmd-stream/cmd-stream-go/delegate/cln/reconnect.go:27.47,29.16 2 19
github.com/cmd-stream/cmd-stream-go/delegate/cln/reconnect.go:29.16,31.3 1 1
github.com/cmd-stream/cmd-stream-go/delegate/cln/reconnect.go:32.2,35.16 4 18
github.com/cmd-stream/cmd-stream-go/delegate/cln/reconnect.go:35.16,38.3 2 2
github.com/cmd-stream/cmd-stream-go/delegate/cln/reconnect.go:39.2,46.8 3 16
github.com/cmd-stream/cmd-stream-go/delegate/cln/reconnect.go:53.25,59.2 1 0
github.com/cmd-stream/cmd-stream-go/delegate/cln/reconnect.go:62.50,64.2 1 0
github.com/cmd-stream/cmd-stream-go/delegate/cln/reconnect.go:67.53,69.2 1 1
github.com/cmd-stream/cmd-stream-go/delegate/cln/reconnect.go:72.54,74.2 1 1
github.com/cmd-stream/cmd-stream-go/delegate/cln/reconnect.go:77.80,79.2 1 1
github.com/cmd-stream/cmd-stream-go/delegate/cln/reconnect.go:84.3,86.2 1 2
github.com/cmd-stream/cmd-stream-go/delegate/cln/reconnect.go:89.52,93.43 3 1
github.com/cmd-stream/cmd-stream-go/delegate/cln/reconnect.go:93.43,95.3 1 0
github.com/cmd-stream/cmd-stream-go/delegate/cln/reconnect.go:96.2,96.30 1 1
github.com/cmd-stream/cmd-stream-go/delegate/cln/reconnect.go:102.3,104.2 1 2
github.com/cmd-stream/cmd-stream-go/delegate/cln/reconnect.go:109.3,111.2 1 2
github.com/cmd-stream/cmd-stream-go/delegate/cln/reconnect.go:114.68,116.2 1 16
github.com/cmd-stream/cmd-stream-go/delegate/cln/reconnect.go:119.56,121.6 2 4
github.com/cmd-stream/cmd-stream-go/delegate/cln/reconnect.go:121.6,123.17 2 8
github.com/cmd-stream/cmd-stream-go/delegate/cln/reconnect.go:123.17,124.61 1 6
github.com/cmd-stream/cmd-stream-go/delegate/cln/reconnect.go:124.61,126.5 1 2
github.com/cmd-stream/cmd-stream-go/delegate/cln/reconnect.go:127.4,127.12 1 4
github.com/cmd-stream/cmd-stream-go/delegate/cln/reconnect.go:129.3,129.8 1 2
github.com/cmd-stream/cmd-stream-go/delegate/cln/reconnect.go:131.2,131.34 1 2
github.com/cmd-stream/cmd-stream-go/delegate/cln/reconnect.go:135.52,139.43 3 2
github.com/cmd-stream/cmd-stream-go/delegate/cln/reconnect.go:139.43,141.3 1 0
github.com/cmd-stream/cmd-stream-go/delegate/cln/reconnect.go:142.2,143.16 2 2
github.com/cmd-stream/cmd-stream-go/delegate/cln/reconnect.go:143.16,145.3 1 1
github.com/cmd-stream/cmd-stream-go/delegate/cln/reconnect.go:146.2,146.8 1 2
github.com/cmd-stream/cmd-stream-go/delegate/cln/reconnect.go:151.3,152.16 1 8
github.com/cmd-stream/cmd-stream-go/delegate/cln/reconnect.go:152.16,154.3 1 1
github.com/cmd-stream/cmd-stream-go/delegate/cln/reconnect.go:155.2,156.16 2 7
github.com/cmd-stream/cmd-stream-go/delegate/cln/reconnect.go:156.16,158.3 1 3
github.com/cmd-stream/cmd-stream-go/delegate/cln/reconnect.go:159.2,159.16 1 4
github.com/cmd-stream/cmd-stream-go/delegate/cln/reconnect.go:159.16,162.3 2 0
github.com/cmd-stream/cmd-stream-go/delegate/cln/reconnect.go:163.2,164.16 2 4
github.com/cmd-stream/cmd-stream-go/delegate/cln/reconnect.go:164.16,167.3 2 2
github.com/cmd-stream/cmd-stream-go/delegate/cln/reconnect.go:168.2,168.23 1 2
github.com/cmd-stream/cmd-stream-go/delegate/cln/reconnect.go:171.92,175.16 3 18
github.com/cmd-stream/cmd-stream-go/delegate/cln/reconnect.go:175.16,178.3 2 0
github.com/cmd-stream/cmd-stream-go/delegate/cln/reconnect.go:179.2,180.12 2 18
github.com/cmd-stream/cmd-stream-go/delegate/cln/reconnect.go:183.46,185.2 1 30
github.com/cmd-stream/cmd-stream-go/delegate/srv/options.go:15.60,16.26 1 0
github.com/cmd-stream/cmd-stream-go/delegate/srv/options.go:16.26,16.58 1 0
github.com/cmd-stream/cmd-stream-go/delegate/srv/options.go:20.43,21.27 1 0
github.com/cmd-stream/cmd-stream-go/delegate/srv/options.go:21.27,22.17 1 0
github.com/cmd-stream/cmd-stream-go/delegate/srv/options.go:22.17,24.4 1 0
github.com/cmd-stream/cmd-stream-go/delegate/srv/server_info_delegate.go:25.47,26.20 1 0
github.com/cmd-stream/cmd-stream-go/delegate/srv/server_info_delegate.go:26.20,29.3 2 0
github.com/cmd-stream/cmd-stream-go/delegate/srv/server_info_delegate.go:30.2,37.8 3 0
github.com/cmd-stream/cmd-stream-go/delegate/srv/server_info_delegate.go:41.87,44.16 3 0
github.com/cmd-stream/cmd-stream-go/delegate/srv/server_info_delegate.go:44.16,47.3 2 0
github.com/cmd-stream/cmd-stream-go/delegate/srv/server_info_delegate.go:48.2,48.41 1 0
github.com/cmd-stream/cmd-stream-go/delegate/srv/server_info_delegate.go:51.94,52.43 1 0
github.com/cmd-stream/cmd-stream-go/delegate/srv/server_info_delegate.go:52.43,54.60 2 0
github.com/cmd-stream/cmd-stream-go/delegate/srv/server_info_delegate.go:54.60,56.4 1 0
github.com/cmd-stream/cmd-stream-go/delegate/srv/server_info_delegate.go:58.2,58.41 1 0
github.com/cmd-stream/cmd-stream-go/group/errs.go:11.39,13.2 1 0
github.com/cmd-stream/cmd-stream-go/group/group.go:20.64,22.12 2 0
github.com/cmd-stream/cmd-stream-go/group/group.go:22.12,24.26 2 0
github.com/cmd-stream/cmd-stream-go/group/group.go:24.26,26.4 1 0
github.com/cmd-stream/cmd-stream-go/group/group.go:27.3,27.20 1 0
github.com/cmd-stream/cmd-stream-go/group/group.go:29.2,29.14 1 0
github.com/cmd-stream/cmd-stream-go/group/group.go:39.3,43.16 4 0
github.com/cmd-stream/cmd-stream-go/group/group.go:43.16,45.3 1 0
github.com/cmd-stream/cmd-stream-go/group/group.go:46.2,46.8 1 0
github.com/cmd-stream/cmd-stream-go/group/group.go:52.55,56.16 4 0
github.com/cmd-stream/cmd-stream-go/group/group.go:56.16,58.3 1 0
github.com/cmd-stream/cmd-stream-go/group/group.go:59.2,59.8 1 0
github.com/cmd-stream/cmd-stream-go/group/group.go:64.66,66.2 1 0
github.com/cmd-stream/cmd-stream-go/group/group.go:71.59,73.2 1 0
github.com/cmd-stream/cmd-stream-go/group/group.go:76.30,78.2 1 0
github.com/cmd-stream/cmd-stream-go/group/group.go:81.42,83.2 1 0
github.com/cmd-stream/cmd-stream-go/group/group.go:86.39,87.44 1 0
github.com/cmd-stream/cmd-stream-go/group/group.go:87.44,89.3 1 0
github.com/cmd-stream/cmd-stream-go/group/group.go:90.2,90.8 1 0
github.com/cmd-stream/cmd-stream-go/group/group.go:94.39,95.44 1 0
github.com/cmd-stream/cmd-stream-go/group/group.go:95.44,97.3 1 0
github.com/cmd-stream/cmd-stream-go/group/group.go:98.2,98.16 1 0
github.com/cmd-stream/cmd-stream-go/group/group.go:98.16,100.3 1 0
github.com/cmd-stream/cmd-stream-go/group/group.go:101.2,101.8 1 0
github.com/cmd-stream/cmd-stream-go/group/options.go:17.41,21.2 1 0
github.com/cmd-stream/cmd-stream-go/group/options.go:24.38,25.22 1 0
github.com/cmd-stream/cmd-stream-go/group/options.go:25.22,27.3 1 0
github.com/cmd-stream/cmd-stream-go/group/options.go:28.2,28.12 1 0
github.com/cmd-stream/cmd-stream-go/group/options.go:38.74,39.29 1 0
github.com/cmd-stream/cmd-stream-go/group/options.go:39.29,39.52 1 0
github.com/cmd-stream/cmd-stream-go/group/options.go:46.42,47.29 1 0
github.com/cmd-stream/cmd-stream-go/group/options.go:47.29,47.51 1 0
github.com/cmd-stream/cmd-stream-go/group/options.go:52.60,53.29 1 0
github.com/cmd-stream/cmd-stream-go/group/options.go:53.29,53.77 1 0
github.com/cmd-stream/cmd-stream-go/group/options.go:57.62,58.27 1 0
github.com/cmd-stream/cmd-stream-go/group/options.go:58.27,59.17 1 0
github.com/cmd-stream/cmd-stream-go/group/options.go:59.17,61.4 1 0
github.com/cmd-stream/cmd-stream-go/group/options.go:63.2,63.21 1 0
github.com/cmd-stream/cmd-stream-go/group/strategy_round-robin.go:13.65,16.2 2 0
github.com/cmd-stream/cmd-stream-go/group/strategy_round-robin.go:21.58,24.2 2 0
github.com/cmd-stream/cmd-stream-go/group/strategy_round-robin.go:27.44,29.2 1 0
github.com/cmd-stream/cmd-stream-go/group/strategy_round-robin.go:37.31,39.2 1 0
github.com/cmd-stream/cmd-stream-go/handler/handler.go:28.68,35.2 3 0
github.com/cmd-stream/cmd-stream-go/handler/handler.go:38.91,50.2 7 0
github.com/cmd-stream/cmd-stream-go/handler/handler.go:55.3,61.6 3 0
github.com/cmd-stream/cmd-stream-go/handler/handler.go:61.6,62.40 1 0
github.com/cmd-stream/cmd-stream-go/handler/handler.go:62.40,64.65 2 0
github.com/cmd-stream/cmd-stream-go/handler/handler.go:64.65,67.5 2 0
github.com/cmd-stream/cmd-stream-go/handler/handler.go:69.3,70.17 2 0
github.com/cmd-stream/cmd-stream-go/handler/handler.go:70.17,73.4 2 0
github.com/cmd-stream/cmd-stream-go/handler/handler.go:74.3,80.19 2 0
github.com/cmd-stream/cmd-stream-go/handler/handler.go:80.19,82.4 1 0
github.com/cmd-stream/cmd-stream-go/handler/handler.go:83.3,84.51 2 0
github.com/cmd-stream/cmd-stream-go/handler/handler.go:84.51,86.63 2 0
github.com/cmd-stream/cmd-stream-go/handler/handler.go:86.63,88.5 1 0
github.com/cmd-stream/cmd-stream-go/handler/invoker.go:24.26,26.2 1 0
github.com/cmd-stream/cmd-stream-go/handler/options.go:14.56,15.26 1 0
github.com/cmd-stream/cmd-stream-go/handler/options.go:15.26,15.54 1 0
github.com/cmd-stream/cmd-stream-go/handler/options.go:20.25,21.26 1 0
github.com/cmd-stream/cmd-stream-go/handler/options.go:21.26,21.41 1 0
github.com/cmd-stream/cmd-stream-go/handler/options.go:28.43,29.27 1 0
github.com/cmd-stream/cmd-stream-go/handler/options.go:29.27,30.17 1 0
github.com/cmd-stream/cmd-stream-go/handler/options.go:30.17,32.4 1 0
github.com/cmd-stream/cmd-stream-go/handler/proxy.go:23.42,25.2 1 0
github.com/cmd-stream/cmd-stream-go/handler/proxy.go:28.34,30.2 1 0
github.com/cmd-stream/cmd-stream-go/handler/proxy.go:33.40,35.2 1 0
github.com/cmd-stream/cmd-stream-go/handler/proxy.go:38.41,40.2 1 0
github.com/cmd-stream/cmd-stream-go/handler/proxy.go:43.63,47.16 4 0
github.com/cmd-stream/cmd-stream-go/handler/proxy.go:47.16,49.3 1 0
github.com/cmd-stream/cmd-stream-go/handler/proxy.go:50.2,50.21 1 0
github.com/cmd-stream/cmd-stream-go/handler/proxy.go:56.3,59.16 3 0
github.com/cmd-stream/cmd-stream-go/handler/proxy.go:59.16,62.3 2 0
github.com/cmd-stream/cmd-stream-go/handler/proxy.go:63.2,64.16 2 0
github.com/cmd-stream/cmd-stream-go/handler/proxy.go:64.16,67.3 2 0
github.com/cmd-stream/cmd-stream-go/handler/proxy.go:68.2,69.21 2 0
github.com/cmd-stream/cmd-stream-go/handler/proxy.go:72.39,73.72 1 0
github.com/cmd-stream/cmd-stream-go/handler/proxy.go:73.72,78.3 4 0
github.com/cmd-stream/cmd-stream-go/handler/proxy.go:79.2,79.8 1 0
github.com/cmd-stream/cmd-stream-go/sender/handler.go:16.71,18.2 1 0
github.com/cmd-stream/cmd-stream-go/sender/options.go:13.41,17.2 1 0
github.com/cmd-stream/cmd-stream-go/sender/options.go:25.67,26.29 1 0
github.com/cmd-stream/cmd-stream-go/sender/options.go:26.29,28.3 1 0
github.com/cmd-stream/cmd-stream-go/sender/options.go:32.56,33.27 1 0
github.com/cmd-stream/cmd-stream-go/sender/options.go:33.27,34.17 1 0
github.com/cmd-stream/cmd-stream-go/sender/options.go:34.17,36.4 1 0
github.com/cmd-stream/cmd-stream-go/sender/options_make.go:20.49,24.2 1 0
github.com/cmd-stream/cmd-stream-go/sender/options_make.go:27.42,28.25 1 0
github.com/cmd-stream/cmd-stream-go/sender/options_make.go:28.25,30.3 1 0
github.com/cmd-stream/cmd-stream-go/sender/options_make.go:31.2,31.12 1 0
github.com/cmd-stream/cmd-stream-go/sender/options_make.go:38.66,39.33 1 0
github.com/cmd-stream/cmd-stream-go/sender/options_make.go:39.33,39.71 1 0
github.com/cmd-stream/cmd-stream-go/sender/options_make.go:43.63,44.33 1 0
github.com/cmd-stream/cmd-stream-go/sender/options_make.go:44.33,44.73 1 0
github.com/cmd-stream/cmd-stream-go/sender/options_make.go:48.62,49.33 1 0
github.com/cmd-stream/cmd-stream-go/sender/options_make.go:49.33,49.55 1 0
github.com/cmd-stream/cmd-stream-go/sender/options_make.go:53.58,54.33 1 0
github.com/cmd-stream/cmd-stream-go/sender/options_make.go:54.33,54.59 1 0
github.com/cmd-stream/cmd-stream-go/sender/options_make.go:58.74,59.27 1 0
github.com/cmd-stream/cmd-stream-go/sender/options_make.go:59.27,60.17 1 0
github.com/cmd-stream/cmd-stream-go/sender/options_make.go:60.17,62.4 1 0
github.com/cmd-stream/cmd-stream-go/sender/options_make.go:64.2,64.21 1 0
github.com/cmd-stream/cmd-stream-go/sender/sender.go:25.65,32.2 3 0
github.com/cmd-stream/cmd-stream-go/sender/sender.go:37.3,43.16 3 0
github.com/cmd-stream/cmd-stream-go/sender/sender.go:43.16,45.3 1 0
github.com/cmd-stream/cmd-stream-go/sender/sender.go:46.2,52.16 3 0
github.com/cmd-stream/cmd-stream-go/sender/sender.go:52.16,55.3 2 0
github.com/cmd-stream/cmd-stream-go/sender/sender.go:56.2,56.58 1 0
github.com/cmd-stream/cmd-stream-go/sender/sender.go:63.35,69.16 3 0
github.com/cmd-stream/cmd-stream-go/sender/sender.go:69.16,71.3 1 0
github.com/cmd-stream/cmd-stream-go/sender/sender.go:72.2,78.16 3 0
github.com/cmd-stream/cmd-stream-go/sender/sender.go:78.16,81.3 2 0
github.com/cmd-stream/cmd-stream-go/sender/sender.go:82.2,82.58 1 0
github.com/cmd-stream/cmd-stream-go/sender/sender.go:89.15,95.16 3 0
github.com/cmd-stream/cmd-stream-go/sender/sender.go:95.16,97.3 1 0
github.com/cmd-stream/cmd-stream-go/sender/sender.go:98.2,104.16 3 0
github.com/cmd-stream/cmd-stream-go/sender/sender.go:104.16,107.3 2 0
github.com/cmd-stream/cmd-stream-go/sender/sender.go:108.2,109.8 2 0
github.com/cmd-stream/cmd-stream-go/sender/sender.go:118.15,124.16 3 0
github.com/cmd-stream/cmd-stream-go/sender/sender.go:124.16,126.3 1 0
github.com/cmd-stream/cmd-stream-go/sender/sender.go:127.2,133.16 3 0
github.com/cmd-stream/cmd-stream-go/sender/sender.go:133.16,136.3 2 0
github.com/cmd-stream/cmd-stream-go/sender/sender.go:137.2,138.8 2 0
github.com/cmd-stream/cmd-stream-go/sender/sender.go:143.68,145.16 2 0
github.com/cmd-stream/cmd-stream-go/sender/sender.go:145.16,147.3 1 0
github.com/cmd-stream/cmd-stream-go/sender/sender.go:148.2,148.9 1 0
github.com/cmd-stream/cmd-stream-go/sender/sender.go:149.34,150.40 1 0
github.com/cmd-stream/cmd-stream-go/sender/sender.go:151.18,152.9 1 0
github.com/cmd-stream/cmd-stream-go/sender/sender.go:157.34,159.2 1 0
github.com/cmd-stream/cmd-stream-go/sender/sender.go:163.43,165.2 1 0
github.com/cmd-stream/cmd-stream-go/sender/sender.go:171.35,172.9 1 0
github.com/cmd-stream/cmd-stream-go/sender/sender.go:173.20,176.40 3 0
github.com/cmd-stream/cmd-stream-go/sender/sender.go:177.32,185.26 4 0
github.com/cmd-stream/cmd-stream-go/sender/sender.go:187.2,187.8 1 0
github.com/cmd-stream/cmd-stream-go/sender/sender.go:195.3,202.6 2 0
github.com/cmd-stream/cmd-stream-go/sender/sender.go:202.6,203.10 1 0
github.com/cmd-stream/cmd-stream-go/sender/sender.go:204.21,207.41 3 0
github.com/cmd-stream/cmd-stream-go/sender/sender.go:208.33,216.27 4 0
github.com/cmd-stream/cmd-stream-go/sender/sender.go:218.3,219.23 2 0
github.com/cmd-stream/cmd-stream-go/sender/sender.go:219.23,221.4 1 0
github.com/cmd-stream/cmd-stream-go/sender/sender.go:222.3,222.37 1 0
github.com/cmd-stream/cmd-stream-go/sender/sender.go:222.37,224.4 1 0
github.com/cmd-stream/cmd-stream-go/sender/sender.go:225.3,225.6 1 0
github.com/cmd-stream/cmd-stream-go/sender/hooks/hooks_circuit_breaker.go:20.26,22.2 1 0
github.com/cmd-stream/cmd-stream-go/sender/hooks/hooks_circuit_breaker.go:27.3,28.19 1 0
github.com/cmd-stream/cmd-stream-go/sender/hooks/hooks_circuit_breaker.go:28.19,30.3 1 0
github.com/cmd-stream/cmd-stream-go/sender/hooks/hooks_circuit_breaker.go:31.2,31.37 1 0
github.com/cmd-stream/cmd-stream-go/sender/hooks/hooks_circuit_breaker.go:37.3,40.2 2 0
github.com/cmd-stream/cmd-stream-go/sender/hooks/hooks_circuit_breaker.go:45.3,48.2 2 0
github.com/cmd-stream/cmd-stream-go/sender/hooks/hooks_circuit_breaker.go:53.3,56.2 2 0
github.com/cmd-stream/cmd-stream-go/sender/hooks/hooks_circuit_breaker.go:70.33,72.2 1 0
github.com/cmd-stream/cmd-stream-go/sender/hooks/hooks_circuit_breaker.go:75.55,77.2 1 0
github.com/cmd-stream/cmd-stream-go/sender/hooks/hooks_noop.go:15.45,17.2 1 0
github.com/cmd-stream/cmd-stream-go/sender/hooks/hooks_noop.go:25.3,27.2 1 0
github.com/cmd-stream/cmd-stream-go/sender/hooks/hooks_noop.go:31.12,32.2 0 0
github.com/cmd-stream/cmd-stream-go/sender/hooks/hooks_noop.go:36.30,37.2 0 0
github.com/cmd-stream/cmd-stream-go/sender/hooks/hooks_noop.go:41.12,42.2 0 0
github.com/cmd-stream/cmd-stream-go/server/codec.go:20.88,22.2 1 0
github.com/cmd-stream/cmd-stream-go/server/codec.go:30.22,31.54 1 0
github.com/cmd-stream/cmd-stream-go/server/codec.go:31.54,33.3 1 0
github.com/cmd-stream/cmd-stream-go/server/codec.go:34.2,34.14 1 0
github.com/cmd-stream/cmd-stream-go/server/codec.go:34.14,36.3 1 0
github.com/cmd-stream/cmd-stream-go/server/codec.go:37.2,40.8 4 0
github.com/cmd-stream/cmd-stream-go/server/codec.go:45.3,46.56 1 0
github.com/cmd-stream/cmd-stream-go/server/codec.go:46.56,48.3 1 0
github.com/cmd-stream/cmd-stream-go/server/codec.go:49.2,49.14 1 0
github.com/cmd-stream/cmd-stream-go/server/codec.go:49.14,52.3 2 0
github.com/cmd-stream/cmd-stream-go/server/codec.go:53.2,56.8 4 0
github.com/cmd-stream/cmd-stream-go/server/invoker.go:17.47,19.2 1 0
github.com/cmd-stream/cmd-stream-go/server/invoker.go:23.26,25.2 1 0
github.com/cmd-stream/cmd-stream-go/server/options.go:25.31,29.2 1 0
github.com/cmd-stream/cmd-stream-go/server/options.go:38.53,39.26 1 0
github.com/cmd-stream/cmd-stream-go/server/options.go:39.26,39.43 1 0
github.com/cmd-stream/cmd-stream-go/server/options.go:43.49,44.26 1 0
github.com/cmd-stream/cmd-stream-go/server/options.go:44.26,44.62 1 0
github.com/cmd-stream/cmd-stream-go/server/options.go:50.53,51.26 1 0
github.com/cmd-stream/cmd-stream-go/server/options.go:51.26,51.70 1 0
github.com/cmd-stream/cmd-stream-go/server/options.go:57.52,58.26 1 0
github.com/cmd-stream/cmd-stream-go/server/options.go:58.26,58.68 1 0
github.com/cmd-stream/cmd-stream-go/server/options.go:64.54,65.26 1 0
github.com/cmd-stream/cmd-stream-go/server/options.go:65.26,65.72 1 0
github.com/cmd-stream/cmd-stream-go/server/options.go:69.43,70.27 1 0
github.com/cmd-stream/cmd-stream-go/server/options.go:70.27,71.17 1 0
github.com/cmd-stream/cmd-stream-go/server/options.go:71.17,73.4 1 0
github.com/cmd-stream/cmd-stream-go/server/transport_factory.go:25.24,27.2 1 0
github.com/cmd-stream/cmd-stream-go/server/transport_factory.go:30.73,32.2 1 0
github.com/cmd-stream/cmd-stream-go/transport/codec_transport.go:23.25,25.2 1 0
github.com/cmd-stream/cmd-stream-go/transport/codec_transport.go:28.54,30.2 1 0
github.com/cmd-stream/cmd-stream-go/transport/codec_transport.go:33.55,35.2 1 0
github.com/cmd-stream/cmd-stream-go/transport/codec_transport.go:38.75,40.2 1 0
github.com/cmd-stream/cmd-stream-go/transport/codec_transport.go:43.76,45.2 1 0
github.com/cmd-stream/cmd-stream-go/transport/codec_transport.go:48.53,50.2 1 0
github.com/cmd-stream/cmd-stream-go/transport/codec_transport.go:53.78,55.2 1 0
github.com/cmd-stream/cmd-stream-go/transport/codec_transport.go:58.81,60.2 1 0
github.com/cmd-stream/cmd-stream-go/transport/codec_transport.go:63.47,65.2 1 0
github.com/cmd-stream/cmd-stream-go/transport/options.go:14.44,15.26 1 0
github.com/cmd-stream/cmd-stream-go/transport/options.go:15.26,15.52 1 0
github.com/cmd-stream/cmd-stream-go/transport/options.go:20.44,21.26 1 0
github.com/cmd-stream/cmd-stream-go/transport/options.go:21.26,21.52 1 0
github.com/cmd-stream/cmd-stream-go/transport/options.go:25.43,26.27 1 0
github.com/cmd-stream/cmd-stream-go/transport/options.go:26.27,27.17 1 0
github.com/cmd-stream/cmd-stream-go/transport/options.go:27.17,29.4 1 0
github.com/cmd-stream/cmd-stream-go/transport/cln/client_codec_transport.go:20.28,28.2 4 0
github.com/cmd-stream/cmd-stream-go/transport/cln/client_codec_transport.go:33.3,36.2 2 0
github.com/cmd-stream/cmd-stream-go/transport/cln/client_codec_transport.go:39.55,41.2 1 0
github.com/cmd-stream/cmd-stream-go/transport/cln/client_codec_transport.go:44.55,46.2 1 0
github.com/cmd-stream/cmd-stream-go/transport/srv/server_codec_transport.go:15.28,23.2 4 0
github.com/cmd-stream/cmd-stream-go/transport/srv/server_codec_transport.go:33.3,35.16 2 0
github.com/cmd-stream/cmd-stream-go/transport/srv/server_codec_transport.go:35.16,37.3 1 0
github.com/cmd-stream/cmd-stream-go/transport/srv/server_codec_transport.go:38.2,38.19 1 0
github.com/cmd-stream/cmd-stream-go/transport/srv/server_codec_transport.go:42.56,44.2 1 0
github.com/cmd-stream/cmd-stream-go/transport/srv/server_codec_transport.go:47.56,49.2 1 0
